#
# A fatal error has been detected by the Java Runtime Environment:
#
#  Internal Error (safepoint.cpp:919), pid=3901, tid=87047
#  fatal error: Illegal threadstate encountered: 4
#
# JRE version: OpenJDK Runtime Environment Corretto-11.0.13.8.1 (11.0.13+8) (build 11.0.13+8-LTS)
# Java VM: OpenJDK 64-Bit Server VM Corretto-11.0.13.8.1 (11.0.13+8-LTS, mixed mode, tiered, compressed oops, g1 gc, bsd-amd64)
# No core dump will be written. Core dumps have been disabled. To enable core dumping, try "ulimit -c unlimited" before starting Java again
#
# If you would like to submit a bug report, please visit:
#   https://github.com/corretto/corretto-11/issues/
# The crash happened outside the Java Virtual Machine in native code.
# See problematic frame for where to report the bug.
#

---------------  S U M M A R Y ------------

Command Line: -Dfile.encoding=UTF-8 -Duser.country=US -Duser.language=en -Duser.variant --module-path=/Users/pooja/Documents/JAVA Learning/JavaFX/ThingsToDo/build/libs/ThingsToDo-1.0-SNAPSHOT.jar:/Users/pooja/Documents/JAVA Learning/JavaFX/ThingsToDo/build/classes/java/main:/Users/pooja/.gradle/caches/modules-2/files-2.1/org.openjfx/javafx-fxml/11.0.2/23291af49fb53d2686c6995018775d19805247a2/javafx-fxml-11.0.2-mac.jar:/Users/pooja/.gradle/caches/modules-2/files-2.1/org.openjfx/javafx-controls/11.0.2/996371d2868035845572cdb19179dca2bfd1139f/javafx-controls-11.0.2-mac.jar:/Users/pooja/.gradle/caches/modules-2/files-2.1/org.openjfx/javafx-controls/11.0.2/4ab633cf1eea60f76e2ae9905aedac862da88b08/javafx-controls-11.0.2.jar:/Users/pooja/.gradle/caches/modules-2/files-2.1/org.openjfx/javafx-graphics/11.0.2/c1d99ae5bc48e7173f4514a941d27d8f8c972c71/javafx-graphics-11.0.2-mac.jar:/Users/pooja/.gradle/caches/modules-2/files-2.1/org.openjfx/javafx-graphics/11.0.2/e522eb4ea422eceeee207b1c266ba3db19b2343a/javafx-graphics-11.0.2.jar:/Users/pooja/.gradle/caches/modules-2/files-2.1/org.openjfx/javafx-base/11.0.2/b774922e5da6a56afee221d1a288d179a1342aa9/javafx-base-11.0.2-mac.jar:/Users/pooja/.gradle/caches/modules-2/files-2.1/org.openjfx/javafx-base/11.0.2/7fb2e4a8528ec9e434a9ac9ee98b39af79e6dcb8/javafx-base-11.0.2.jar -Djdk.module.main=com.example.thingstodo com.example.thingstodo/com.example.thingstodo.HelloApplication

Host: MacBookPro18,1 x86_64 2400 MHz, 10 cores, 32G, Darwin 21.2.0
Time: Mon Jan 31 16:54:53 2022 PST elapsed time: 15.191598 seconds (0d 0h 0m 15s)

---------------  T H R E A D  ---------------

Current thread (0x00007f8dd8b17000):  JavaThread "InvokeLaterDispatcher" daemon [_thread_in_native, id=87047, stack(0x0000000305c19000,0x0000000305d19000)]

Stack: [0x0000000305c19000,0x0000000305d19000],  sp=0x0000000305d172b0,  free space=1016k
Native frames: (J=compiled Java code, A=aot compiled Java code, j=interpreted, Vv=VM code, C=native code)
V  [libjvm.dylib+0x7cc1fe]  _ZN7VMError14report_and_dieEiPKcS1_P13__va_list_tagP6ThreadPhPvS7_S1_im+0x652
V  [libjvm.dylib+0x2838c9]  _Z12report_fatal11VMErrorTypePKciS1_z+0xc1
V  [libjvm.dylib+0x69e58f]  _ZN20SafepointSynchronize5blockEP10JavaThread+0x1db
V  [libjvm.dylib+0x6a01a5]  _ZN18SafepointMechanism23block_if_requested_slowEP10JavaThread+0x1d
V  [libjvm.dylib+0x787821]  _ZN10JavaThread44check_safepoint_and_suspend_for_native_transEPS_+0x9f
V  [libjvm.dylib+0x1e51d9]  _ZN20ThreadInVMfromNativeC1EP10JavaThread+0x6d
V  [libjvm.dylib+0x4029c3]  jni_DeleteGlobalRef+0x3e
C  [libglass.dylib+0x8851]  -[GlassRunnable dealloc]+0x31
C  [Foundation+0x80e9b]  -[_NSThreadPerformInfo dealloc]+0x2a
C  [Foundation+0x4dcc7]  -[NSObject(NSThreadPerformAdditions) performSelectorOnMainThread:withObject:waitUntilDone:]+0x7c
j  com.sun.glass.ui.mac.MacApplication._submitForLaterInvocation(Ljava/lang/Runnable;)V+0 javafx.graphics
j  com.sun.glass.ui.mac.MacApplication.submitForLaterInvocation(Ljava/lang/Runnable;)V+2 javafx.graphics
j  com.sun.glass.ui.InvokeLaterDispatcher.run()V+82 javafx.graphics
v  ~StubRoutines::call_stub
V  [libjvm.dylib+0x3c47a9]  _ZN9JavaCalls11call_helperEP9JavaValueRK12methodHandleP17JavaCallArgumentsP6Thread+0x257
V  [libjvm.dylib+0x3c3bf3]  _ZN9JavaCalls12call_virtualEP9JavaValueP5KlassP6SymbolS5_P17JavaCallArgumentsP6Thread+0xd7
V  [libjvm.dylib+0x3c3caa]  _ZN9JavaCalls12call_virtualEP9JavaValue6HandleP5KlassP6SymbolS6_P6Thread+0x62
V  [libjvm.dylib+0x444b59]  _ZL12thread_entryP10JavaThreadP6Thread+0x78
V  [libjvm.dylib+0x786323]  _ZN10JavaThread17thread_main_innerEv+0x89
V  [libjvm.dylib+0x78616e]  _ZN10JavaThread3runEv+0x12e
V  [libjvm.dylib+0x78410e]  _ZN6Thread8call_runEv+0x68
V  [libjvm.dylib+0x62e86d]  _ZL19thread_native_entryP6Thread+0x12d
C  [libsystem_pthread.dylib+0x64f4]  _pthread_start+0x7d
C  [libsystem_pthread.dylib+0x200f]  thread_start+0xf

Java frames: (J=compiled Java code, j=interpreted, Vv=VM code)
j  com.sun.glass.ui.mac.MacApplication._submitForLaterInvocation(Ljava/lang/Runnable;)V+0 javafx.graphics
j  com.sun.glass.ui.mac.MacApplication.submitForLaterInvocation(Ljava/lang/Runnable;)V+2 javafx.graphics
j  com.sun.glass.ui.InvokeLaterDispatcher.run()V+82 javafx.graphics
v  ~StubRoutines::call_stub

---------------  P R O C E S S  ---------------

Threads class SMR info:
_java_thread_list=0x0000600003264c00, length=16, elements={
0x00007f8dd0009000, 0x00007f8dd080f000, 0x00007f8dd0814000, 0x00007f8dd01c4000,
0x00007f8dd01c1000, 0x00007f8dc0012800, 0x00007f8dd8809000, 0x00007f8dd881a800,
0x00007f8dd88a8800, 0x00007f8dd800f000, 0x00007f8dd8b17000, 0x00007f8dd8b1a000,
0x00007f8dd0483800, 0x00007f8dd8214800, 0x00007f8dd07d1000, 0x00007f8dd0d29000
}

Java Threads: ( => current thread )
  0x00007f8dd0009000 JavaThread "main" [_thread_blocked, id=8451, stack(0x00000003047d2000,0x00000003048d2000)]
  0x00007f8dd080f000 JavaThread "Reference Handler" daemon [_thread_blocked, id=15619, stack(0x0000000304ee7000,0x0000000304fe7000)]
  0x00007f8dd0814000 JavaThread "Finalizer" daemon [_thread_blocked, id=21763, stack(0x0000000304fea000,0x00000003050ea000)]
  0x00007f8dd01c4000 JavaThread "Signal Dispatcher" daemon [_thread_blocked, id=40707, stack(0x00000003051fb000,0x00000003052fb000)]
  0x00007f8dd01c1000 JavaThread "Service Thread" daemon [_thread_blocked, id=40195, stack(0x00000003052fe000,0x00000003053fe000)]
  0x00007f8dc0012800 JavaThread "C2 CompilerThread0" daemon [_thread_blocked, id=39939, stack(0x0000000305401000,0x0000000305501000)]
  0x00007f8dd8809000 JavaThread "C1 CompilerThread0" daemon [_thread_blocked, id=24067, stack(0x0000000305504000,0x0000000305604000)]
  0x00007f8dd881a800 JavaThread "Sweeper thread" daemon [_thread_blocked, id=39171, stack(0x0000000305607000,0x0000000305707000)]
  0x00007f8dd88a8800 JavaThread "Common-Cleaner" daemon [_thread_blocked, id=38147, stack(0x000000030570a000,0x000000030580a000)]
  0x00007f8dd800f000 JavaThread "QuantumRenderer-0" daemon [_thread_blocked, id=27651, stack(0x0000000305b16000,0x0000000305c16000)]
=>0x00007f8dd8b17000 JavaThread "InvokeLaterDispatcher" daemon [_thread_in_native, id=87047, stack(0x0000000305c19000,0x0000000305d19000)]
  0x00007f8dd8b1a000 JavaThread "JavaFX Application Thread" [_thread_in_native, id=259, stack(0x0000000303f4f000,0x000000030474f000)]
  0x00007f8dd0483800 JavaThread "Thread-2" daemon [_thread_in_native, id=79619, stack(0x0000000305e2b000,0x0000000305eab000)]
  0x00007f8dd8214800 JavaThread "JavaFX-Launcher" [_thread_blocked, id=71939, stack(0x0000000305eae000,0x0000000305fae000)]
  0x00007f8dd07d1000 JavaThread "Prism Font Disposer" daemon [_thread_blocked, id=66563, stack(0x00000003068cc000,0x00000003069cc000)]
  0x00007f8dd0d29000 JavaThread "Cleaner-0" daemon [_thread_blocked, id=170791, stack(0x00000003069cf000,0x0000000306acf000)]

Other Threads:
  0x00007f8dc000f800 VMThread "VM Thread" [stack: 0x0000000304de4000,0x0000000304ee4000] [id=14595]
  0x00007f8dd01c2000 WatcherThread [stack: 0x0000000305a13000,0x0000000305b13000] [id=26887]
  0x00007f8dd080e800 GCTaskThread "GC Thread#0" [stack: 0x00000003048d5000,0x00000003049d5000] [id=13315]
  0x00007f8dd8b88000 GCTaskThread "GC Thread#1" [stack: 0x0000000305fb1000,0x00000003060b1000] [id=71175]
  0x00007f8dd8b3a000 GCTaskThread "GC Thread#2" [stack: 0x00000003060b4000,0x00000003061b4000] [id=59651]
  0x00007f8dd8b35000 GCTaskThread "GC Thread#3" [stack: 0x00000003061b7000,0x00000003062b7000] [id=60163]
  0x00007f8dd8217800 GCTaskThread "GC Thread#4" [stack: 0x00000003062ba000,0x00000003063ba000] [id=70659]
  0x00007f8dd821c800 GCTaskThread "GC Thread#5" [stack: 0x00000003063bd000,0x00000003064bd000] [id=60675]
  0x00007f8dd821d000 GCTaskThread "GC Thread#6" [stack: 0x00000003064c0000,0x00000003065c0000] [id=60931]
  0x00007f8dd821e000 GCTaskThread "GC Thread#7" [stack: 0x00000003065c3000,0x00000003066c3000] [id=61443]
  0x00007f8dd8b35800 GCTaskThread "GC Thread#8" [stack: 0x00000003066c6000,0x00000003067c6000] [id=69891]
  0x00007f8dd0041000 ConcurrentGCThread "G1 Main Marker" [stack: 0x00000003049d8000,0x0000000304ad8000] [id=19715]
  0x00007f8dd0042000 ConcurrentGCThread "G1 Conc#0" [stack: 0x0000000304adb000,0x0000000304bdb000] [id=18947]
  0x00007f8d92c34000 ConcurrentGCThread "G1 Conc#1" [stack: 0x00000003067c9000,0x00000003068c9000] [id=64355]
  0x00007f8dd0166800 ConcurrentGCThread "G1 Refine#0" [stack: 0x0000000304bde000,0x0000000304cde000] [id=18435]
  0x00007f8dd0167800 ConcurrentGCThread "G1 Young RemSet Sampling" [stack: 0x0000000304ce1000,0x0000000304de1000] [id=17923]

Threads with active compile tasks:

VM state:not at safepoint (normal execution)

VM Mutex/Monitor currently owned by a thread: None

Heap address: 0x0000000600000000, size: 8192 MB, Compressed Oops mode: Zero based, Oop shift amount: 3
Narrow klass base: 0x0000000800000000, Narrow klass shift: 0
Compressed class space size: 1073741824 Address: 0x0000000800000000

Heap:
 garbage-first heap   total 524288K, used 43243K [0x0000000600000000, 0x0000000800000000)
  region size 2048K, 20 young (40960K), 4 survivors (8192K)
 Metaspace       used 27480K, capacity 28768K, committed 29056K, reserved 1075200K
  class space    used 3583K, capacity 4129K, committed 4224K, reserved 1048576K
Heap Regions: E=young(eden), S=young(survivor), O=old, HS=humongous(starts), HC=humongous(continues), CS=collection set, F=free, A=archive, TAMS=top-at-mark-start (previous, next)
|   0|0x0000000600000000, 0x0000000600200000, 0x0000000600200000|100%|HS|  |TAMS 0x0000000600000000, 0x0000000600000000| Complete 
|   1|0x0000000600200000, 0x0000000600400000, 0x0000000600400000|100%|HS|  |TAMS 0x0000000600200000, 0x0000000600200000| Complete 
|   2|0x0000000600400000, 0x0000000600600000, 0x0000000600600000|100%|HS|  |TAMS 0x0000000600400000, 0x0000000600400000| Complete 
|   3|0x0000000600600000, 0x0000000600600000, 0x0000000600800000|  0%| F|  |TAMS 0x0000000600600000, 0x0000000600600000| Untracked 
|   4|0x0000000600800000, 0x0000000600800000, 0x0000000600a00000|  0%| F|  |TAMS 0x0000000600800000, 0x0000000600800000| Untracked 
|   5|0x0000000600a00000, 0x0000000600a00000, 0x0000000600c00000|  0%| F|  |TAMS 0x0000000600a00000, 0x0000000600a00000| Untracked 
|   6|0x0000000600c00000, 0x0000000600c00000, 0x0000000600e00000|  0%| F|  |TAMS 0x0000000600c00000, 0x0000000600c00000| Untracked 
|   7|0x0000000600e00000, 0x0000000600e00000, 0x0000000601000000|  0%| F|  |TAMS 0x0000000600e00000, 0x0000000600e00000| Untracked 
|   8|0x0000000601000000, 0x0000000601000000, 0x0000000601200000|  0%| F|  |TAMS 0x0000000601000000, 0x0000000601000000| Untracked 
|   9|0x0000000601200000, 0x0000000601200000, 0x0000000601400000|  0%| F|  |TAMS 0x0000000601200000, 0x0000000601200000| Untracked 
|  10|0x0000000601400000, 0x0000000601400000, 0x0000000601600000|  0%| F|  |TAMS 0x0000000601400000, 0x0000000601400000| Untracked 
|  11|0x0000000601600000, 0x0000000601600000, 0x0000000601800000|  0%| F|  |TAMS 0x0000000601600000, 0x0000000601600000| Untracked 
|  12|0x0000000601800000, 0x0000000601800000, 0x0000000601a00000|  0%| F|  |TAMS 0x0000000601800000, 0x0000000601800000| Untracked 
|  13|0x0000000601a00000, 0x0000000601a00000, 0x0000000601c00000|  0%| F|  |TAMS 0x0000000601a00000, 0x0000000601a00000| Untracked 
|  14|0x0000000601c00000, 0x0000000601c00000, 0x0000000601e00000|  0%| F|  |TAMS 0x0000000601c00000, 0x0000000601c00000| Untracked 
|  15|0x0000000601e00000, 0x0000000601e00000, 0x0000000602000000|  0%| F|  |TAMS 0x0000000601e00000, 0x0000000601e00000| Untracked 
|  16|0x0000000602000000, 0x0000000602000000, 0x0000000602200000|  0%| F|  |TAMS 0x0000000602000000, 0x0000000602000000| Untracked 
|  17|0x0000000602200000, 0x0000000602200000, 0x0000000602400000|  0%| F|  |TAMS 0x0000000602200000, 0x0000000602200000| Untracked 
|  18|0x0000000602400000, 0x0000000602400000, 0x0000000602600000|  0%| F|  |TAMS 0x0000000602400000, 0x0000000602400000| Untracked 
|  19|0x0000000602600000, 0x0000000602600000, 0x0000000602800000|  0%| F|  |TAMS 0x0000000602600000, 0x0000000602600000| Untracked 
|  20|0x0000000602800000, 0x0000000602800000, 0x0000000602a00000|  0%| F|  |TAMS 0x0000000602800000, 0x0000000602800000| Untracked 
|  21|0x0000000602a00000, 0x0000000602a00000, 0x0000000602c00000|  0%| F|  |TAMS 0x0000000602a00000, 0x0000000602a00000| Untracked 
|  22|0x0000000602c00000, 0x0000000602c00000, 0x0000000602e00000|  0%| F|  |TAMS 0x0000000602c00000, 0x0000000602c00000| Untracked 
|  23|0x0000000602e00000, 0x0000000602e00000, 0x0000000603000000|  0%| F|  |TAMS 0x0000000602e00000, 0x0000000602e00000| Untracked 
|  24|0x0000000603000000, 0x0000000603000000, 0x0000000603200000|  0%| F|  |TAMS 0x0000000603000000, 0x0000000603000000| Untracked 
|  25|0x0000000603200000, 0x0000000603200000, 0x0000000603400000|  0%| F|  |TAMS 0x0000000603200000, 0x0000000603200000| Untracked 
|  26|0x0000000603400000, 0x0000000603400000, 0x0000000603600000|  0%| F|  |TAMS 0x0000000603400000, 0x0000000603400000| Untracked 
|  27|0x0000000603600000, 0x0000000603600000, 0x0000000603800000|  0%| F|  |TAMS 0x0000000603600000, 0x0000000603600000| Untracked 
|  28|0x0000000603800000, 0x0000000603800000, 0x0000000603a00000|  0%| F|  |TAMS 0x0000000603800000, 0x0000000603800000| Untracked 
|  29|0x0000000603a00000, 0x0000000603a00000, 0x0000000603c00000|  0%| F|  |TAMS 0x0000000603a00000, 0x0000000603a00000| Untracked 
|  30|0x0000000603c00000, 0x0000000603c00000, 0x0000000603e00000|  0%| F|  |TAMS 0x0000000603c00000, 0x0000000603c00000| Untracked 
|  31|0x0000000603e00000, 0x0000000603e00000, 0x0000000604000000|  0%| F|  |TAMS 0x0000000603e00000, 0x0000000603e00000| Untracked 
|  32|0x0000000604000000, 0x0000000604000000, 0x0000000604200000|  0%| F|  |TAMS 0x0000000604000000, 0x0000000604000000| Untracked 
|  33|0x0000000604200000, 0x0000000604200000, 0x0000000604400000|  0%| F|  |TAMS 0x0000000604200000, 0x0000000604200000| Untracked 
|  34|0x0000000604400000, 0x0000000604400000, 0x0000000604600000|  0%| F|  |TAMS 0x0000000604400000, 0x0000000604400000| Untracked 
|  35|0x0000000604600000, 0x0000000604600000, 0x0000000604800000|  0%| F|  |TAMS 0x0000000604600000, 0x0000000604600000| Untracked 
|  36|0x0000000604800000, 0x0000000604800000, 0x0000000604a00000|  0%| F|  |TAMS 0x0000000604800000, 0x0000000604800000| Untracked 
|  37|0x0000000604a00000, 0x0000000604a00000, 0x0000000604c00000|  0%| F|  |TAMS 0x0000000604a00000, 0x0000000604a00000| Untracked 
|  38|0x0000000604c00000, 0x0000000604c00000, 0x0000000604e00000|  0%| F|  |TAMS 0x0000000604c00000, 0x0000000604c00000| Untracked 
|  39|0x0000000604e00000, 0x0000000604e00000, 0x0000000605000000|  0%| F|  |TAMS 0x0000000604e00000, 0x0000000604e00000| Untracked 
|  40|0x0000000605000000, 0x0000000605000000, 0x0000000605200000|  0%| F|  |TAMS 0x0000000605000000, 0x0000000605000000| Untracked 
|  41|0x0000000605200000, 0x0000000605200000, 0x0000000605400000|  0%| F|  |TAMS 0x0000000605200000, 0x0000000605200000| Untracked 
|  42|0x0000000605400000, 0x0000000605400000, 0x0000000605600000|  0%| F|  |TAMS 0x0000000605400000, 0x0000000605400000| Untracked 
|  43|0x0000000605600000, 0x0000000605600000, 0x0000000605800000|  0%| F|  |TAMS 0x0000000605600000, 0x0000000605600000| Untracked 
|  44|0x0000000605800000, 0x0000000605800000, 0x0000000605a00000|  0%| F|  |TAMS 0x0000000605800000, 0x0000000605800000| Untracked 
|  45|0x0000000605a00000, 0x0000000605a00000, 0x0000000605c00000|  0%| F|  |TAMS 0x0000000605a00000, 0x0000000605a00000| Untracked 
|  46|0x0000000605c00000, 0x0000000605c00000, 0x0000000605e00000|  0%| F|  |TAMS 0x0000000605c00000, 0x0000000605c00000| Untracked 
|  47|0x0000000605e00000, 0x0000000605e00000, 0x0000000606000000|  0%| F|  |TAMS 0x0000000605e00000, 0x0000000605e00000| Untracked 
|  48|0x0000000606000000, 0x0000000606000000, 0x0000000606200000|  0%| F|  |TAMS 0x0000000606000000, 0x0000000606000000| Untracked 
|  49|0x0000000606200000, 0x0000000606200000, 0x0000000606400000|  0%| F|  |TAMS 0x0000000606200000, 0x0000000606200000| Untracked 
|  50|0x0000000606400000, 0x0000000606400000, 0x0000000606600000|  0%| F|  |TAMS 0x0000000606400000, 0x0000000606400000| Untracked 
|  51|0x0000000606600000, 0x0000000606600000, 0x0000000606800000|  0%| F|  |TAMS 0x0000000606600000, 0x0000000606600000| Untracked 
|  52|0x0000000606800000, 0x0000000606800000, 0x0000000606a00000|  0%| F|  |TAMS 0x0000000606800000, 0x0000000606800000| Untracked 
|  53|0x0000000606a00000, 0x0000000606a00000, 0x0000000606c00000|  0%| F|  |TAMS 0x0000000606a00000, 0x0000000606a00000| Untracked 
|  54|0x0000000606c00000, 0x0000000606c00000, 0x0000000606e00000|  0%| F|  |TAMS 0x0000000606c00000, 0x0000000606c00000| Untracked 
|  55|0x0000000606e00000, 0x0000000606e00000, 0x0000000607000000|  0%| F|  |TAMS 0x0000000606e00000, 0x0000000606e00000| Untracked 
|  56|0x0000000607000000, 0x0000000607000000, 0x0000000607200000|  0%| F|  |TAMS 0x0000000607000000, 0x0000000607000000| Untracked 
|  57|0x0000000607200000, 0x0000000607200000, 0x0000000607400000|  0%| F|  |TAMS 0x0000000607200000, 0x0000000607200000| Untracked 
|  58|0x0000000607400000, 0x0000000607400000, 0x0000000607600000|  0%| F|  |TAMS 0x0000000607400000, 0x0000000607400000| Untracked 
|  59|0x0000000607600000, 0x0000000607600000, 0x0000000607800000|  0%| F|  |TAMS 0x0000000607600000, 0x0000000607600000| Untracked 
|  60|0x0000000607800000, 0x0000000607800000, 0x0000000607a00000|  0%| F|  |TAMS 0x0000000607800000, 0x0000000607800000| Untracked 
|  61|0x0000000607a00000, 0x0000000607a00000, 0x0000000607c00000|  0%| F|  |TAMS 0x0000000607a00000, 0x0000000607a00000| Untracked 
|  62|0x0000000607c00000, 0x0000000607c00000, 0x0000000607e00000|  0%| F|  |TAMS 0x0000000607c00000, 0x0000000607c00000| Untracked 
|  63|0x0000000607e00000, 0x0000000607e00000, 0x0000000608000000|  0%| F|  |TAMS 0x0000000607e00000, 0x0000000607e00000| Untracked 
|  64|0x0000000608000000, 0x0000000608000000, 0x0000000608200000|  0%| F|  |TAMS 0x0000000608000000, 0x0000000608000000| Untracked 
|  65|0x0000000608200000, 0x0000000608200000, 0x0000000608400000|  0%| F|  |TAMS 0x0000000608200000, 0x0000000608200000| Untracked 
|  66|0x0000000608400000, 0x0000000608400000, 0x0000000608600000|  0%| F|  |TAMS 0x0000000608400000, 0x0000000608400000| Untracked 
|  67|0x0000000608600000, 0x0000000608600000, 0x0000000608800000|  0%| F|  |TAMS 0x0000000608600000, 0x0000000608600000| Untracked 
|  68|0x0000000608800000, 0x0000000608800000, 0x0000000608a00000|  0%| F|  |TAMS 0x0000000608800000, 0x0000000608800000| Untracked 
|  69|0x0000000608a00000, 0x0000000608a00000, 0x0000000608c00000|  0%| F|  |TAMS 0x0000000608a00000, 0x0000000608a00000| Untracked 
|  70|0x0000000608c00000, 0x0000000608c00000, 0x0000000608e00000|  0%| F|  |TAMS 0x0000000608c00000, 0x0000000608c00000| Untracked 
|  71|0x0000000608e00000, 0x0000000608e00000, 0x0000000609000000|  0%| F|  |TAMS 0x0000000608e00000, 0x0000000608e00000| Untracked 
|  72|0x0000000609000000, 0x0000000609000000, 0x0000000609200000|  0%| F|  |TAMS 0x0000000609000000, 0x0000000609000000| Untracked 
|  73|0x0000000609200000, 0x0000000609200000, 0x0000000609400000|  0%| F|  |TAMS 0x0000000609200000, 0x0000000609200000| Untracked 
|  74|0x0000000609400000, 0x0000000609400000, 0x0000000609600000|  0%| F|  |TAMS 0x0000000609400000, 0x0000000609400000| Untracked 
|  75|0x0000000609600000, 0x0000000609600000, 0x0000000609800000|  0%| F|  |TAMS 0x0000000609600000, 0x0000000609600000| Untracked 
|  76|0x0000000609800000, 0x0000000609800000, 0x0000000609a00000|  0%| F|  |TAMS 0x0000000609800000, 0x0000000609800000| Untracked 
|  77|0x0000000609a00000, 0x0000000609a00000, 0x0000000609c00000|  0%| F|  |TAMS 0x0000000609a00000, 0x0000000609a00000| Untracked 
|  78|0x0000000609c00000, 0x0000000609c00000, 0x0000000609e00000|  0%| F|  |TAMS 0x0000000609c00000, 0x0000000609c00000| Untracked 
|  79|0x0000000609e00000, 0x0000000609e00000, 0x000000060a000000|  0%| F|  |TAMS 0x0000000609e00000, 0x0000000609e00000| Untracked 
|  80|0x000000060a000000, 0x000000060a000000, 0x000000060a200000|  0%| F|  |TAMS 0x000000060a000000, 0x000000060a000000| Untracked 
|  81|0x000000060a200000, 0x000000060a200000, 0x000000060a400000|  0%| F|  |TAMS 0x000000060a200000, 0x000000060a200000| Untracked 
|  82|0x000000060a400000, 0x000000060a400000, 0x000000060a600000|  0%| F|  |TAMS 0x000000060a400000, 0x000000060a400000| Untracked 
|  83|0x000000060a600000, 0x000000060a600000, 0x000000060a800000|  0%| F|  |TAMS 0x000000060a600000, 0x000000060a600000| Untracked 
|  84|0x000000060a800000, 0x000000060a800000, 0x000000060aa00000|  0%| F|  |TAMS 0x000000060a800000, 0x000000060a800000| Untracked 
|  85|0x000000060aa00000, 0x000000060aa00000, 0x000000060ac00000|  0%| F|  |TAMS 0x000000060aa00000, 0x000000060aa00000| Untracked 
|  86|0x000000060ac00000, 0x000000060ac00000, 0x000000060ae00000|  0%| F|  |TAMS 0x000000060ac00000, 0x000000060ac00000| Untracked 
|  87|0x000000060ae00000, 0x000000060ae00000, 0x000000060b000000|  0%| F|  |TAMS 0x000000060ae00000, 0x000000060ae00000| Untracked 
|  88|0x000000060b000000, 0x000000060b000000, 0x000000060b200000|  0%| F|  |TAMS 0x000000060b000000, 0x000000060b000000| Untracked 
|  89|0x000000060b200000, 0x000000060b200000, 0x000000060b400000|  0%| F|  |TAMS 0x000000060b200000, 0x000000060b200000| Untracked 
|  90|0x000000060b400000, 0x000000060b400000, 0x000000060b600000|  0%| F|  |TAMS 0x000000060b400000, 0x000000060b400000| Untracked 
|  91|0x000000060b600000, 0x000000060b600000, 0x000000060b800000|  0%| F|  |TAMS 0x000000060b600000, 0x000000060b600000| Untracked 
|  92|0x000000060b800000, 0x000000060b800000, 0x000000060ba00000|  0%| F|  |TAMS 0x000000060b800000, 0x000000060b800000| Untracked 
|  93|0x000000060ba00000, 0x000000060ba00000, 0x000000060bc00000|  0%| F|  |TAMS 0x000000060ba00000, 0x000000060ba00000| Untracked 
|  94|0x000000060bc00000, 0x000000060bc00000, 0x000000060be00000|  0%| F|  |TAMS 0x000000060bc00000, 0x000000060bc00000| Untracked 
|  95|0x000000060be00000, 0x000000060be00000, 0x000000060c000000|  0%| F|  |TAMS 0x000000060be00000, 0x000000060be00000| Untracked 
|  96|0x000000060c000000, 0x000000060c000000, 0x000000060c200000|  0%| F|  |TAMS 0x000000060c000000, 0x000000060c000000| Untracked 
|  97|0x000000060c200000, 0x000000060c200000, 0x000000060c400000|  0%| F|  |TAMS 0x000000060c200000, 0x000000060c200000| Untracked 
|  98|0x000000060c400000, 0x000000060c400000, 0x000000060c600000|  0%| F|  |TAMS 0x000000060c400000, 0x000000060c400000| Untracked 
|  99|0x000000060c600000, 0x000000060c600000, 0x000000060c800000|  0%| F|  |TAMS 0x000000060c600000, 0x000000060c600000| Untracked 
| 100|0x000000060c800000, 0x000000060c800000, 0x000000060ca00000|  0%| F|  |TAMS 0x000000060c800000, 0x000000060c800000| Untracked 
| 101|0x000000060ca00000, 0x000000060ca00000, 0x000000060cc00000|  0%| F|  |TAMS 0x000000060ca00000, 0x000000060ca00000| Untracked 
| 102|0x000000060cc00000, 0x000000060cc00000, 0x000000060ce00000|  0%| F|  |TAMS 0x000000060cc00000, 0x000000060cc00000| Untracked 
| 103|0x000000060ce00000, 0x000000060ce00000, 0x000000060d000000|  0%| F|  |TAMS 0x000000060ce00000, 0x000000060ce00000| Untracked 
| 104|0x000000060d000000, 0x000000060d000000, 0x000000060d200000|  0%| F|  |TAMS 0x000000060d000000, 0x000000060d000000| Untracked 
| 105|0x000000060d200000, 0x000000060d200000, 0x000000060d400000|  0%| F|  |TAMS 0x000000060d200000, 0x000000060d200000| Untracked 
| 106|0x000000060d400000, 0x000000060d400000, 0x000000060d600000|  0%| F|  |TAMS 0x000000060d400000, 0x000000060d400000| Untracked 
| 107|0x000000060d600000, 0x000000060d600000, 0x000000060d800000|  0%| F|  |TAMS 0x000000060d600000, 0x000000060d600000| Untracked 
| 108|0x000000060d800000, 0x000000060d800000, 0x000000060da00000|  0%| F|  |TAMS 0x000000060d800000, 0x000000060d800000| Untracked 
| 109|0x000000060da00000, 0x000000060da00000, 0x000000060dc00000|  0%| F|  |TAMS 0x000000060da00000, 0x000000060da00000| Untracked 
| 110|0x000000060dc00000, 0x000000060dc00000, 0x000000060de00000|  0%| F|  |TAMS 0x000000060dc00000, 0x000000060dc00000| Untracked 
| 111|0x000000060de00000, 0x000000060de00000, 0x000000060e000000|  0%| F|  |TAMS 0x000000060de00000, 0x000000060de00000| Untracked 
| 112|0x000000060e000000, 0x000000060e000000, 0x000000060e200000|  0%| F|  |TAMS 0x000000060e000000, 0x000000060e000000| Untracked 
| 113|0x000000060e200000, 0x000000060e200000, 0x000000060e400000|  0%| F|  |TAMS 0x000000060e200000, 0x000000060e200000| Untracked 
| 114|0x000000060e400000, 0x000000060e400000, 0x000000060e600000|  0%| F|  |TAMS 0x000000060e400000, 0x000000060e400000| Untracked 
| 115|0x000000060e600000, 0x000000060e600000, 0x000000060e800000|  0%| F|  |TAMS 0x000000060e600000, 0x000000060e600000| Untracked 
| 116|0x000000060e800000, 0x000000060e800000, 0x000000060ea00000|  0%| F|  |TAMS 0x000000060e800000, 0x000000060e800000| Untracked 
| 117|0x000000060ea00000, 0x000000060ea00000, 0x000000060ec00000|  0%| F|  |TAMS 0x000000060ea00000, 0x000000060ea00000| Untracked 
| 118|0x000000060ec00000, 0x000000060ec00000, 0x000000060ee00000|  0%| F|  |TAMS 0x000000060ec00000, 0x000000060ec00000| Untracked 
| 119|0x000000060ee00000, 0x000000060ee00000, 0x000000060f000000|  0%| F|  |TAMS 0x000000060ee00000, 0x000000060ee00000| Untracked 
| 120|0x000000060f000000, 0x000000060f000000, 0x000000060f200000|  0%| F|  |TAMS 0x000000060f000000, 0x000000060f000000| Untracked 
| 121|0x000000060f200000, 0x000000060f200000, 0x000000060f400000|  0%| F|  |TAMS 0x000000060f200000, 0x000000060f200000| Untracked 
| 122|0x000000060f400000, 0x000000060f400000, 0x000000060f600000|  0%| F|  |TAMS 0x000000060f400000, 0x000000060f400000| Untracked 
| 123|0x000000060f600000, 0x000000060f600000, 0x000000060f800000|  0%| F|  |TAMS 0x000000060f600000, 0x000000060f600000| Untracked 
| 124|0x000000060f800000, 0x000000060f800000, 0x000000060fa00000|  0%| F|  |TAMS 0x000000060f800000, 0x000000060f800000| Untracked 
| 125|0x000000060fa00000, 0x000000060fa00000, 0x000000060fc00000|  0%| F|  |TAMS 0x000000060fa00000, 0x000000060fa00000| Untracked 
| 126|0x000000060fc00000, 0x000000060fc00000, 0x000000060fe00000|  0%| F|  |TAMS 0x000000060fc00000, 0x000000060fc00000| Untracked 
| 127|0x000000060fe00000, 0x000000060fe00000, 0x0000000610000000|  0%| F|  |TAMS 0x000000060fe00000, 0x000000060fe00000| Untracked 
| 128|0x0000000610000000, 0x0000000610000000, 0x0000000610200000|  0%| F|  |TAMS 0x0000000610000000, 0x0000000610000000| Untracked 
| 129|0x0000000610200000, 0x0000000610200000, 0x0000000610400000|  0%| F|  |TAMS 0x0000000610200000, 0x0000000610200000| Untracked 
| 130|0x0000000610400000, 0x0000000610400000, 0x0000000610600000|  0%| F|  |TAMS 0x0000000610400000, 0x0000000610400000| Untracked 
| 131|0x0000000610600000, 0x0000000610600000, 0x0000000610800000|  0%| F|  |TAMS 0x0000000610600000, 0x0000000610600000| Untracked 
| 132|0x0000000610800000, 0x0000000610800000, 0x0000000610a00000|  0%| F|  |TAMS 0x0000000610800000, 0x0000000610800000| Untracked 
| 133|0x0000000610a00000, 0x0000000610a00000, 0x0000000610c00000|  0%| F|  |TAMS 0x0000000610a00000, 0x0000000610a00000| Untracked 
| 134|0x0000000610c00000, 0x0000000610c00000, 0x0000000610e00000|  0%| F|  |TAMS 0x0000000610c00000, 0x0000000610c00000| Untracked 
| 135|0x0000000610e00000, 0x0000000610e00000, 0x0000000611000000|  0%| F|  |TAMS 0x0000000610e00000, 0x0000000610e00000| Untracked 
| 136|0x0000000611000000, 0x0000000611000000, 0x0000000611200000|  0%| F|  |TAMS 0x0000000611000000, 0x0000000611000000| Untracked 
| 137|0x0000000611200000, 0x0000000611200000, 0x0000000611400000|  0%| F|  |TAMS 0x0000000611200000, 0x0000000611200000| Untracked 
| 138|0x0000000611400000, 0x0000000611400000, 0x0000000611600000|  0%| F|  |TAMS 0x0000000611400000, 0x0000000611400000| Untracked 
| 139|0x0000000611600000, 0x0000000611600000, 0x0000000611800000|  0%| F|  |TAMS 0x0000000611600000, 0x0000000611600000| Untracked 
| 140|0x0000000611800000, 0x0000000611800000, 0x0000000611a00000|  0%| F|  |TAMS 0x0000000611800000, 0x0000000611800000| Untracked 
| 141|0x0000000611a00000, 0x0000000611a00000, 0x0000000611c00000|  0%| F|  |TAMS 0x0000000611a00000, 0x0000000611a00000| Untracked 
| 142|0x0000000611c00000, 0x0000000611c00000, 0x0000000611e00000|  0%| F|  |TAMS 0x0000000611c00000, 0x0000000611c00000| Untracked 
| 143|0x0000000611e00000, 0x0000000611e00000, 0x0000000612000000|  0%| F|  |TAMS 0x0000000611e00000, 0x0000000611e00000| Untracked 
| 144|0x0000000612000000, 0x0000000612000000, 0x0000000612200000|  0%| F|  |TAMS 0x0000000612000000, 0x0000000612000000| Untracked 
| 145|0x0000000612200000, 0x0000000612200000, 0x0000000612400000|  0%| F|  |TAMS 0x0000000612200000, 0x0000000612200000| Untracked 
| 146|0x0000000612400000, 0x0000000612400000, 0x0000000612600000|  0%| F|  |TAMS 0x0000000612400000, 0x0000000612400000| Untracked 
| 147|0x0000000612600000, 0x0000000612600000, 0x0000000612800000|  0%| F|  |TAMS 0x0000000612600000, 0x0000000612600000| Untracked 
| 148|0x0000000612800000, 0x0000000612800000, 0x0000000612a00000|  0%| F|  |TAMS 0x0000000612800000, 0x0000000612800000| Untracked 
| 149|0x0000000612a00000, 0x0000000612a00000, 0x0000000612c00000|  0%| F|  |TAMS 0x0000000612a00000, 0x0000000612a00000| Untracked 
| 150|0x0000000612c00000, 0x0000000612c00000, 0x0000000612e00000|  0%| F|  |TAMS 0x0000000612c00000, 0x0000000612c00000| Untracked 
| 151|0x0000000612e00000, 0x0000000612e00000, 0x0000000613000000|  0%| F|  |TAMS 0x0000000612e00000, 0x0000000612e00000| Untracked 
| 152|0x0000000613000000, 0x0000000613000000, 0x0000000613200000|  0%| F|  |TAMS 0x0000000613000000, 0x0000000613000000| Untracked 
| 153|0x0000000613200000, 0x0000000613200000, 0x0000000613400000|  0%| F|  |TAMS 0x0000000613200000, 0x0000000613200000| Untracked 
| 154|0x0000000613400000, 0x0000000613400000, 0x0000000613600000|  0%| F|  |TAMS 0x0000000613400000, 0x0000000613400000| Untracked 
| 155|0x0000000613600000, 0x0000000613600000, 0x0000000613800000|  0%| F|  |TAMS 0x0000000613600000, 0x0000000613600000| Untracked 
| 156|0x0000000613800000, 0x0000000613800000, 0x0000000613a00000|  0%| F|  |TAMS 0x0000000613800000, 0x0000000613800000| Untracked 
| 157|0x0000000613a00000, 0x0000000613a00000, 0x0000000613c00000|  0%| F|  |TAMS 0x0000000613a00000, 0x0000000613a00000| Untracked 
| 158|0x0000000613c00000, 0x0000000613c00000, 0x0000000613e00000|  0%| F|  |TAMS 0x0000000613c00000, 0x0000000613c00000| Untracked 
| 159|0x0000000613e00000, 0x0000000613e00000, 0x0000000614000000|  0%| F|  |TAMS 0x0000000613e00000, 0x0000000613e00000| Untracked 
| 160|0x0000000614000000, 0x0000000614000000, 0x0000000614200000|  0%| F|  |TAMS 0x0000000614000000, 0x0000000614000000| Untracked 
| 161|0x0000000614200000, 0x0000000614200000, 0x0000000614400000|  0%| F|  |TAMS 0x0000000614200000, 0x0000000614200000| Untracked 
| 162|0x0000000614400000, 0x0000000614400000, 0x0000000614600000|  0%| F|  |TAMS 0x0000000614400000, 0x0000000614400000| Untracked 
| 163|0x0000000614600000, 0x0000000614600000, 0x0000000614800000|  0%| F|  |TAMS 0x0000000614600000, 0x0000000614600000| Untracked 
| 164|0x0000000614800000, 0x0000000614800000, 0x0000000614a00000|  0%| F|  |TAMS 0x0000000614800000, 0x0000000614800000| Untracked 
| 165|0x0000000614a00000, 0x0000000614a00000, 0x0000000614c00000|  0%| F|  |TAMS 0x0000000614a00000, 0x0000000614a00000| Untracked 
| 166|0x0000000614c00000, 0x0000000614c00000, 0x0000000614e00000|  0%| F|  |TAMS 0x0000000614c00000, 0x0000000614c00000| Untracked 
| 167|0x0000000614e00000, 0x0000000614e00000, 0x0000000615000000|  0%| F|  |TAMS 0x0000000614e00000, 0x0000000614e00000| Untracked 
| 168|0x0000000615000000, 0x0000000615000000, 0x0000000615200000|  0%| F|  |TAMS 0x0000000615000000, 0x0000000615000000| Untracked 
| 169|0x0000000615200000, 0x0000000615200000, 0x0000000615400000|  0%| F|  |TAMS 0x0000000615200000, 0x0000000615200000| Untracked 
| 170|0x0000000615400000, 0x0000000615400000, 0x0000000615600000|  0%| F|  |TAMS 0x0000000615400000, 0x0000000615400000| Untracked 
| 171|0x0000000615600000, 0x0000000615600000, 0x0000000615800000|  0%| F|  |TAMS 0x0000000615600000, 0x0000000615600000| Untracked 
| 172|0x0000000615800000, 0x0000000615800000, 0x0000000615a00000|  0%| F|  |TAMS 0x0000000615800000, 0x0000000615800000| Untracked 
| 173|0x0000000615a00000, 0x0000000615a00000, 0x0000000615c00000|  0%| F|  |TAMS 0x0000000615a00000, 0x0000000615a00000| Untracked 
| 174|0x0000000615c00000, 0x0000000615c00000, 0x0000000615e00000|  0%| F|  |TAMS 0x0000000615c00000, 0x0000000615c00000| Untracked 
| 175|0x0000000615e00000, 0x0000000615e00000, 0x0000000616000000|  0%| F|  |TAMS 0x0000000615e00000, 0x0000000615e00000| Untracked 
| 176|0x0000000616000000, 0x0000000616000000, 0x0000000616200000|  0%| F|  |TAMS 0x0000000616000000, 0x0000000616000000| Untracked 
| 177|0x0000000616200000, 0x0000000616200000, 0x0000000616400000|  0%| F|  |TAMS 0x0000000616200000, 0x0000000616200000| Untracked 
| 178|0x0000000616400000, 0x0000000616400000, 0x0000000616600000|  0%| F|  |TAMS 0x0000000616400000, 0x0000000616400000| Untracked 
| 179|0x0000000616600000, 0x0000000616600000, 0x0000000616800000|  0%| F|  |TAMS 0x0000000616600000, 0x0000000616600000| Untracked 
| 180|0x0000000616800000, 0x0000000616800000, 0x0000000616a00000|  0%| F|  |TAMS 0x0000000616800000, 0x0000000616800000| Untracked 
| 181|0x0000000616a00000, 0x0000000616a00000, 0x0000000616c00000|  0%| F|  |TAMS 0x0000000616a00000, 0x0000000616a00000| Untracked 
| 182|0x0000000616c00000, 0x0000000616c00000, 0x0000000616e00000|  0%| F|  |TAMS 0x0000000616c00000, 0x0000000616c00000| Untracked 
| 183|0x0000000616e00000, 0x0000000616e00000, 0x0000000617000000|  0%| F|  |TAMS 0x0000000616e00000, 0x0000000616e00000| Untracked 
| 184|0x0000000617000000, 0x0000000617000000, 0x0000000617200000|  0%| F|  |TAMS 0x0000000617000000, 0x0000000617000000| Untracked 
| 185|0x0000000617200000, 0x0000000617200000, 0x0000000617400000|  0%| F|  |TAMS 0x0000000617200000, 0x0000000617200000| Untracked 
| 186|0x0000000617400000, 0x0000000617400000, 0x0000000617600000|  0%| F|  |TAMS 0x0000000617400000, 0x0000000617400000| Untracked 
| 187|0x0000000617600000, 0x0000000617600000, 0x0000000617800000|  0%| F|  |TAMS 0x0000000617600000, 0x0000000617600000| Untracked 
| 188|0x0000000617800000, 0x0000000617800000, 0x0000000617a00000|  0%| F|  |TAMS 0x0000000617800000, 0x0000000617800000| Untracked 
| 189|0x0000000617a00000, 0x0000000617a00000, 0x0000000617c00000|  0%| F|  |TAMS 0x0000000617a00000, 0x0000000617a00000| Untracked 
| 190|0x0000000617c00000, 0x0000000617c00000, 0x0000000617e00000|  0%| F|  |TAMS 0x0000000617c00000, 0x0000000617c00000| Untracked 
| 191|0x0000000617e00000, 0x0000000617e00000, 0x0000000618000000|  0%| F|  |TAMS 0x0000000617e00000, 0x0000000617e00000| Untracked 
| 192|0x0000000618000000, 0x0000000618000000, 0x0000000618200000|  0%| F|  |TAMS 0x0000000618000000, 0x0000000618000000| Untracked 
| 193|0x0000000618200000, 0x0000000618200000, 0x0000000618400000|  0%| F|  |TAMS 0x0000000618200000, 0x0000000618200000| Untracked 
| 194|0x0000000618400000, 0x0000000618400000, 0x0000000618600000|  0%| F|  |TAMS 0x0000000618400000, 0x0000000618400000| Untracked 
| 195|0x0000000618600000, 0x0000000618600000, 0x0000000618800000|  0%| F|  |TAMS 0x0000000618600000, 0x0000000618600000| Untracked 
| 196|0x0000000618800000, 0x0000000618800000, 0x0000000618a00000|  0%| F|  |TAMS 0x0000000618800000, 0x0000000618800000| Untracked 
| 197|0x0000000618a00000, 0x0000000618a00000, 0x0000000618c00000|  0%| F|  |TAMS 0x0000000618a00000, 0x0000000618a00000| Untracked 
| 198|0x0000000618c00000, 0x0000000618c00000, 0x0000000618e00000|  0%| F|  |TAMS 0x0000000618c00000, 0x0000000618c00000| Untracked 
| 199|0x0000000618e00000, 0x0000000618e00000, 0x0000000619000000|  0%| F|  |TAMS 0x0000000618e00000, 0x0000000618e00000| Untracked 
| 200|0x0000000619000000, 0x0000000619000000, 0x0000000619200000|  0%| F|  |TAMS 0x0000000619000000, 0x0000000619000000| Untracked 
| 201|0x0000000619200000, 0x0000000619200000, 0x0000000619400000|  0%| F|  |TAMS 0x0000000619200000, 0x0000000619200000| Untracked 
| 202|0x0000000619400000, 0x0000000619400000, 0x0000000619600000|  0%| F|  |TAMS 0x0000000619400000, 0x0000000619400000| Untracked 
| 203|0x0000000619600000, 0x0000000619600000, 0x0000000619800000|  0%| F|  |TAMS 0x0000000619600000, 0x0000000619600000| Untracked 
| 204|0x0000000619800000, 0x0000000619800000, 0x0000000619a00000|  0%| F|  |TAMS 0x0000000619800000, 0x0000000619800000| Untracked 
| 205|0x0000000619a00000, 0x0000000619a00000, 0x0000000619c00000|  0%| F|  |TAMS 0x0000000619a00000, 0x0000000619a00000| Untracked 
| 206|0x0000000619c00000, 0x0000000619c00000, 0x0000000619e00000|  0%| F|  |TAMS 0x0000000619c00000, 0x0000000619c00000| Untracked 
| 207|0x0000000619e00000, 0x0000000619e00000, 0x000000061a000000|  0%| F|  |TAMS 0x0000000619e00000, 0x0000000619e00000| Untracked 
| 208|0x000000061a000000, 0x000000061a000000, 0x000000061a200000|  0%| F|  |TAMS 0x000000061a000000, 0x000000061a000000| Untracked 
| 209|0x000000061a200000, 0x000000061a200000, 0x000000061a400000|  0%| F|  |TAMS 0x000000061a200000, 0x000000061a200000| Untracked 
| 210|0x000000061a400000, 0x000000061a400000, 0x000000061a600000|  0%| F|  |TAMS 0x000000061a400000, 0x000000061a400000| Untracked 
| 211|0x000000061a600000, 0x000000061a600000, 0x000000061a800000|  0%| F|  |TAMS 0x000000061a600000, 0x000000061a600000| Untracked 
| 212|0x000000061a800000, 0x000000061a800000, 0x000000061aa00000|  0%| F|  |TAMS 0x000000061a800000, 0x000000061a800000| Untracked 
| 213|0x000000061aa00000, 0x000000061aa00000, 0x000000061ac00000|  0%| F|  |TAMS 0x000000061aa00000, 0x000000061aa00000| Untracked 
| 214|0x000000061ac00000, 0x000000061ac00000, 0x000000061ae00000|  0%| F|  |TAMS 0x000000061ac00000, 0x000000061ac00000| Untracked 
| 215|0x000000061ae00000, 0x000000061ae00000, 0x000000061b000000|  0%| F|  |TAMS 0x000000061ae00000, 0x000000061ae00000| Untracked 
| 216|0x000000061b000000, 0x000000061b000000, 0x000000061b200000|  0%| F|  |TAMS 0x000000061b000000, 0x000000061b000000| Untracked 
| 217|0x000000061b200000, 0x000000061b200000, 0x000000061b400000|  0%| F|  |TAMS 0x000000061b200000, 0x000000061b200000| Untracked 
| 218|0x000000061b400000, 0x000000061b400000, 0x000000061b600000|  0%| F|  |TAMS 0x000000061b400000, 0x000000061b400000| Untracked 
| 219|0x000000061b600000, 0x000000061b600000, 0x000000061b800000|  0%| F|  |TAMS 0x000000061b600000, 0x000000061b600000| Untracked 
| 220|0x000000061b800000, 0x000000061b800000, 0x000000061ba00000|  0%| F|  |TAMS 0x000000061b800000, 0x000000061b800000| Untracked 
| 221|0x000000061ba00000, 0x000000061ba00000, 0x000000061bc00000|  0%| F|  |TAMS 0x000000061ba00000, 0x000000061ba00000| Untracked 
| 222|0x000000061bc00000, 0x000000061bc00000, 0x000000061be00000|  0%| F|  |TAMS 0x000000061bc00000, 0x000000061bc00000| Untracked 
| 223|0x000000061be00000, 0x000000061be00000, 0x000000061c000000|  0%| F|  |TAMS 0x000000061be00000, 0x000000061be00000| Untracked 
| 224|0x000000061c000000, 0x000000061c000000, 0x000000061c200000|  0%| F|  |TAMS 0x000000061c000000, 0x000000061c000000| Untracked 
| 225|0x000000061c200000, 0x000000061c200000, 0x000000061c400000|  0%| F|  |TAMS 0x000000061c200000, 0x000000061c200000| Untracked 
| 226|0x000000061c400000, 0x000000061c400000, 0x000000061c600000|  0%| F|  |TAMS 0x000000061c400000, 0x000000061c400000| Untracked 
| 227|0x000000061c600000, 0x000000061c600000, 0x000000061c800000|  0%| F|  |TAMS 0x000000061c600000, 0x000000061c600000| Untracked 
| 228|0x000000061c800000, 0x000000061c800000, 0x000000061ca00000|  0%| F|  |TAMS 0x000000061c800000, 0x000000061c800000| Untracked 
| 229|0x000000061ca00000, 0x000000061ca00000, 0x000000061cc00000|  0%| F|  |TAMS 0x000000061ca00000, 0x000000061ca00000| Untracked 
| 230|0x000000061cc00000, 0x000000061cc00000, 0x000000061ce00000|  0%| F|  |TAMS 0x000000061cc00000, 0x000000061cc00000| Untracked 
| 231|0x000000061ce00000, 0x000000061ce00000, 0x000000061d000000|  0%| F|  |TAMS 0x000000061ce00000, 0x000000061ce00000| Untracked 
| 232|0x000000061d000000, 0x000000061d000000, 0x000000061d200000|  0%| F|  |TAMS 0x000000061d000000, 0x000000061d000000| Untracked 
| 233|0x000000061d200000, 0x000000061d200000, 0x000000061d400000|  0%| F|  |TAMS 0x000000061d200000, 0x000000061d200000| Untracked 
| 234|0x000000061d400000, 0x000000061d400000, 0x000000061d600000|  0%| F|  |TAMS 0x000000061d400000, 0x000000061d400000| Untracked 
| 235|0x000000061d600000, 0x000000061d600000, 0x000000061d800000|  0%| F|  |TAMS 0x000000061d600000, 0x000000061d600000| Untracked 
| 236|0x000000061d800000, 0x000000061d83acb0, 0x000000061da00000| 11%| S|CS|TAMS 0x000000061d800000, 0x000000061d800000| Complete 
| 237|0x000000061da00000, 0x000000061dc00000, 0x000000061dc00000|100%| S|CS|TAMS 0x000000061da00000, 0x000000061da00000| Complete 
| 238|0x000000061dc00000, 0x000000061de00000, 0x000000061de00000|100%| S|CS|TAMS 0x000000061dc00000, 0x000000061dc00000| Complete 
| 239|0x000000061de00000, 0x000000061e000000, 0x000000061e000000|100%| S|CS|TAMS 0x000000061de00000, 0x000000061de00000| Complete 
| 240|0x000000061e000000, 0x000000061e1170a0, 0x000000061e200000| 54%| E|  |TAMS 0x000000061e000000, 0x000000061e000000| Complete 
| 241|0x000000061e200000, 0x000000061e400000, 0x000000061e400000|100%| E|CS|TAMS 0x000000061e200000, 0x000000061e200000| Complete 
| 242|0x000000061e400000, 0x000000061e600000, 0x000000061e600000|100%| E|CS|TAMS 0x000000061e400000, 0x000000061e400000| Complete 
| 243|0x000000061e600000, 0x000000061e800000, 0x000000061e800000|100%| E|CS|TAMS 0x000000061e600000, 0x000000061e600000| Complete 
| 244|0x000000061e800000, 0x000000061ea00000, 0x000000061ea00000|100%| E|CS|TAMS 0x000000061e800000, 0x000000061e800000| Complete 
| 245|0x000000061ea00000, 0x000000061ec00000, 0x000000061ec00000|100%| E|CS|TAMS 0x000000061ea00000, 0x000000061ea00000| Complete 
| 246|0x000000061ec00000, 0x000000061ee00000, 0x000000061ee00000|100%| E|CS|TAMS 0x000000061ec00000, 0x000000061ec00000| Complete 
| 247|0x000000061ee00000, 0x000000061f000000, 0x000000061f000000|100%| E|CS|TAMS 0x000000061ee00000, 0x000000061ee00000| Complete 
| 248|0x000000061f000000, 0x000000061f200000, 0x000000061f200000|100%| E|CS|TAMS 0x000000061f000000, 0x000000061f000000| Complete 
| 249|0x000000061f200000, 0x000000061f400000, 0x000000061f400000|100%| E|CS|TAMS 0x000000061f200000, 0x000000061f200000| Complete 
| 250|0x000000061f400000, 0x000000061f600000, 0x000000061f600000|100%| E|CS|TAMS 0x000000061f400000, 0x000000061f400000| Complete 
| 251|0x000000061f600000, 0x000000061f800000, 0x000000061f800000|100%| E|CS|TAMS 0x000000061f600000, 0x000000061f600000| Complete 
| 252|0x000000061f800000, 0x000000061fa00000, 0x000000061fa00000|100%| E|CS|TAMS 0x000000061f800000, 0x000000061f800000| Complete 
| 253|0x000000061fa00000, 0x000000061fc00000, 0x000000061fc00000|100%| E|CS|TAMS 0x000000061fa00000, 0x000000061fa00000| Complete 
| 254|0x000000061fc00000, 0x000000061fe00000, 0x000000061fe00000|100%| E|CS|TAMS 0x000000061fc00000, 0x000000061fc00000| Complete 
| 255|0x000000061fe00000, 0x0000000620000000, 0x0000000620000000|100%| E|CS|TAMS 0x000000061fe00000, 0x000000061fe00000| Complete 

Card table byte_map: [0x0000000123fc0000,0x0000000124fc0000] _byte_map_base: 0x0000000120fc0000

Marking Bits (Prev, Next): (CMBitMap*) 0x00007f8dd0008250, (CMBitMap*) 0x00007f8dd0008218
 Prev Bits: [0x000000012dfc0000, 0x0000000135fc0000)
 Next Bits: [0x0000000125fc0000, 0x000000012dfc0000)

Polling page: 0x000000010029b000

Metaspace:

Usage:
  Non-class:     24.06 MB capacity,    23.34 MB ( 97%) used,   597.88 KB (  2%) free+waste,   143.81 KB ( <1%) overhead. 
      Class:      4.03 MB capacity,     3.50 MB ( 87%) used,   473.27 KB ( 11%) free+waste,    72.69 KB (  2%) overhead. 
       Both:     28.09 MB capacity,    26.84 MB ( 96%) used,     1.05 MB (  4%) free+waste,   216.50 KB ( <1%) overhead. 

Virtual space:
  Non-class space:       26.00 MB reserved,      24.25 MB ( 93%) committed 
      Class space:        1.00 GB reserved,       4.12 MB ( <1%) committed 
             Both:        1.03 GB reserved,      28.38 MB (  3%) committed 

Chunk freelists:
   Non-Class:  65.00 KB
       Class:  0 bytes
        Both:  65.00 KB

MaxMetaspaceSize: unlimited
CompressedClassSpaceSize: 1.00 GB
Initial GC threshold: 20.80 MB
Current GC threshold: 34.79 MB
CDS: off

CodeHeap 'non-profiled nmethods': size=120032Kb used=1555Kb max_used=1555Kb free=118476Kb
 bounds [0x000000011ba88000, 0x000000011bcf8000, 0x0000000122fc0000]
CodeHeap 'profiled nmethods': size=120028Kb used=6548Kb max_used=6548Kb free=113479Kb
 bounds [0x0000000114551000, 0x0000000114bc1000, 0x000000011ba88000]
CodeHeap 'non-nmethods': size=5700Kb used=1423Kb max_used=1460Kb free=4276Kb
 bounds [0x0000000113fc0000, 0x0000000114230000, 0x0000000114551000]
 total_blobs=4100 nmethods=3335 adapters=678
 compilation: enabled
              stopped_count=0, restarted_count=0
 full_count=0

Compilation events (20 events):
Event: 14.742 Thread 0x00007f8dd8809000 3325       3       com.sun.scenario.animation.AbstractMasterTimer$MainLoop::updateAnimationRunnable (61 bytes)
Event: 14.743 Thread 0x00007f8dd8809000 nmethod 3325 0x0000000114ba8090 code [0x0000000114ba8260, 0x0000000114ba8580]
Event: 14.816 Thread 0x00007f8dd8809000 3326       3       com.sun.scenario.animation.AbstractMasterTimer$MainLoop::run (61 bytes)
Event: 14.817 Thread 0x00007f8dd8809000 nmethod 3326 0x0000000114ba8690 code [0x0000000114ba88a0, 0x0000000114ba8df0]
Event: 14.818 Thread 0x00007f8dd8809000 3327       3       com.sun.javafx.tk.quantum.MasterTimer::recordStart (8 bytes)
Event: 14.818 Thread 0x00007f8dd8809000 nmethod 3327 0x0000000114ba9010 code [0x0000000114ba9200, 0x0000000114ba95f0]
Event: 14.990 Thread 0x00007f8dd8809000 3328       1       com.sun.javafx.sg.prism.NGGroup::getChildren (5 bytes)
Event: 14.990 Thread 0x00007f8dd8809000 nmethod 3328 0x000000011bc0c890 code [0x000000011bc0ca40, 0x000000011bc0caf0]
Event: 14.990 Thread 0x00007f8dd8809000 3329       3       com.sun.javafx.sg.prism.NGGroup::markCullRegions (200 bytes)
Event: 14.990 Thread 0x00007f8dc0012800 3330       4       com.sun.javafx.collections.VetoableListDecorator::size (10 bytes)
Event: 14.993 Thread 0x00007f8dd8809000 nmethod 3329 0x0000000114ba9790 code [0x0000000114ba9aa0, 0x0000000114baaf20]
Event: 14.993 Thread 0x00007f8dd8809000 3331       3       com.sun.javafx.sg.prism.NGGroup::computeRenderRoot (398 bytes)
Event: 14.994 Thread 0x00007f8dc0012800 nmethod 3330 0x000000011bc0cb90 code [0x000000011bc0cd40, 0x000000011bc0ce38]
Event: 14.997 Thread 0x00007f8dd8809000 nmethod 3331 0x0000000114bab890 code [0x0000000114babce0, 0x0000000114bae190]
Event: 14.997 Thread 0x00007f8dd8809000 3332       3       com.sun.javafx.geom.transform.AffineBase::isTranslateOrIdentity (22 bytes)
Event: 14.997 Thread 0x00007f8dd8809000 nmethod 3332 0x0000000114baf310 code [0x0000000114baf4e0, 0x0000000114baf970]
Event: 14.997 Thread 0x00007f8dd8809000 3333       3       com.sun.prism.impl.BaseTexture::unlock (8 bytes)
Event: 14.998 Thread 0x00007f8dd8809000 nmethod 3333 0x0000000114bafa90 code [0x0000000114bafc60, 0x0000000114baff40]
Event: 15.001 Thread 0x00007f8dd8809000 3334   !   3       com.sun.javafx.tk.Toolkit::firePulse (279 bytes)
Event: 15.004 Thread 0x00007f8dd8809000 nmethod 3334 0x0000000114bb0090 code [0x0000000114bb0720, 0x0000000114bb4a80]

GC Heap History (4 events):
Event: 1.026 GC heap before
{Heap before GC invocations=0 (full 0):
 garbage-first heap   total 524288K, used 24576K [0x0000000600000000, 0x0000000800000000)
  region size 2048K, 12 young (24576K), 0 survivors (0K)
 Metaspace       used 13467K, capacity 13899K, committed 14208K, reserved 1062912K
  class space    used 1442K, capacity 1625K, committed 1664K, reserved 1048576K
}
Event: 1.041 GC heap after
{Heap after GC invocations=1 (full 0):
 garbage-first heap   total 524288K, used 3112K [0x0000000600000000, 0x0000000800000000)
  region size 2048K, 2 young (4096K), 2 survivors (4096K)
 Metaspace       used 13467K, capacity 13899K, committed 14208K, reserved 1062912K
  class space    used 1442K, capacity 1625K, committed 1664K, reserved 1048576K
}
Event: 1.726 GC heap before
{Heap before GC invocations=1 (full 0):
 garbage-first heap   total 524288K, used 29736K [0x0000000600000000, 0x0000000800000000)
  region size 2048K, 16 young (32768K), 2 survivors (4096K)
 Metaspace       used 20577K, capacity 21172K, committed 21248K, reserved 1067008K
  class space    used 2558K, capacity 2806K, committed 2816K, reserved 1048576K
}
Event: 1.743 GC heap after
{Heap after GC invocations=2 (full 0):
 garbage-first heap   total 524288K, used 6379K [0x0000000600000000, 0x0000000800000000)
  region size 2048K, 4 young (8192K), 4 survivors (8192K)
 Metaspace       used 20577K, capacity 21172K, committed 21248K, reserved 1067008K
  class space    used 2558K, capacity 2806K, committed 2816K, reserved 1048576K
}

Deoptimization events (20 events):
Event: 10.177 Thread 0x00007f8dd800f000 DEOPT PACKING pc=0x0000000114b3120a sp=0x0000000305c14140
Event: 10.177 Thread 0x00007f8dd800f000 DEOPT UNPACKING pc=0x000000011400a62b sp=0x0000000305c135c0 mode 0
Event: 10.177 Thread 0x00007f8dd800f000 DEOPT PACKING pc=0x0000000114b3120a sp=0x0000000305c14140
Event: 10.177 Thread 0x00007f8dd800f000 DEOPT UNPACKING pc=0x000000011400a62b sp=0x0000000305c135c0 mode 0
Event: 10.177 Thread 0x00007f8dd800f000 DEOPT PACKING pc=0x0000000114b3120a sp=0x0000000305c14140
Event: 10.177 Thread 0x00007f8dd800f000 DEOPT UNPACKING pc=0x000000011400a62b sp=0x0000000305c135c0 mode 0
Event: 10.177 Thread 0x00007f8dd800f000 DEOPT PACKING pc=0x0000000114b3120a sp=0x0000000305c14140
Event: 10.177 Thread 0x00007f8dd800f000 DEOPT UNPACKING pc=0x000000011400a62b sp=0x0000000305c135c0 mode 0
Event: 10.177 Thread 0x00007f8dd800f000 DEOPT PACKING pc=0x0000000114b3120a sp=0x0000000305c14140
Event: 10.177 Thread 0x00007f8dd800f000 DEOPT UNPACKING pc=0x000000011400a62b sp=0x0000000305c135c0 mode 0
Event: 10.177 Thread 0x00007f8dd800f000 DEOPT PACKING pc=0x0000000114b3120a sp=0x0000000305c14140
Event: 10.178 Thread 0x00007f8dd800f000 DEOPT UNPACKING pc=0x000000011400a62b sp=0x0000000305c135c0 mode 0
Event: 10.178 Thread 0x00007f8dd800f000 DEOPT PACKING pc=0x0000000114b3120a sp=0x0000000305c14140
Event: 10.178 Thread 0x00007f8dd800f000 DEOPT UNPACKING pc=0x000000011400a62b sp=0x0000000305c135c0 mode 0
Event: 13.361 Thread 0x00007f8dd8b1a000 Uncommon trap: trap_request=0xffffff64 fr.pc=0x000000011bbe2ca0 relative=0x00000000000045c0
Event: 13.361 Thread 0x00007f8dd8b1a000 Uncommon trap: reason=speculate_null_check action=make_not_entrant pc=0x000000011bbe2ca0 method=javafx.scene.CssStyleHelper.getStyleHelper(Ljavafx/scene/Node;)Ljavafx/scene/CssStyleHelper; @ 1 c2
Event: 13.361 Thread 0x00007f8dd8b1a000 DEOPT PACKING pc=0x000000011bbe2ca0 sp=0x0000000304743db0
Event: 13.361 Thread 0x00007f8dd8b1a000 DEOPT UNPACKING pc=0x0000000114009e9f sp=0x0000000304743ca8 mode 2
Event: 13.382 Thread 0x00007f8dd800f000 DEOPT PACKING pc=0x0000000114b3665d sp=0x0000000305c13ce0
Event: 13.382 Thread 0x00007f8dd800f000 DEOPT UNPACKING pc=0x000000011400a62b sp=0x0000000305c13118 mode 0

Classes redefined (0 events):
No events

Internal exceptions (20 events):
Event: 1.300 Thread 0x00007f8dd8b1a000 Exception <a 'java/lang/NoSuchMethodError'{0x000000061f504bb8}: 'void java.lang.invoke.DirectMethodHandle$Holder.invokeStaticInit(java.lang.Object, java.lang.Object)'> (0x000000061f504bb8) thrown at [src/hotspot/share/interpreter/linkResolver.cpp, line 773]
Event: 1.469 Thread 0x00007f8dd8b1a000 Exception <a 'java/lang/NoSuchMethodError'{0x000000061f1db350}: 'java.lang.Object java.lang.invoke.Invokers$Holder.linkToTargetMethod(java.lang.Object, int, java.lang.Object)'> (0x000000061f1db350) thrown at [src/hotspot/share/interpreter/linkResolver.cpp, line 773]
Event: 1.684 Thread 0x00007f8dd8b1a000 Exception <a 'java/lang/NoSuchMethodError'{0x000000061e9bdcf8}: 'int java.lang.invoke.DirectMethodHandle$Holder.invokeStaticInit(java.lang.Object, java.lang.Object)'> (0x000000061e9bdcf8) thrown at [src/hotspot/share/interpreter/linkResolver.cpp, line 773]
Event: 1.722 Thread 0x00007f8dd8b1a000 Exception <a 'java/lang/NoSuchMethodError'{0x000000061e062c60}: 'void java.lang.invoke.DirectMethodHandle$Holder.invokeSpecial(java.lang.Object, java.lang.Object, java.lang.Object, java.lang.Object, java.lang.Object, java.lang.Object)'> (0x000000061e062c60) thrown at [src/hotspot/share/interpreter/linkResolver.cpp, line 773]
Event: 1.806 Thread 0x00007f8dd8b1a000 Exception <a 'java/lang/NoSuchMethodError'{0x000000061ff51760}: 'java.lang.Object java.lang.invoke.DirectMethodHandle$Holder.invokeInterface(java.lang.Object, java.lang.Object, java.lang.Object)'> (0x000000061ff51760) thrown at [src/hotspot/share/interpreter/linkResolver.cpp, line 773]
Event: 1.812 Thread 0x00007f8dd8b1a000 Exception <a 'java/lang/IncompatibleClassChangeError'{0x000000061ff54bc0}: Found class java.lang.Object, but interface was expected> (0x000000061ff54bc0) thrown at [src/hotspot/share/interpreter/linkResolver.cpp, line 839]
Event: 1.862 Thread 0x00007f8dd8b1a000 Exception <a 'java/lang/ClassNotFoundException'{0x000000061fd59e48}: com/sun/javafx/scene/control/skin/resources/controls> (0x000000061fd59e48) thrown at [src/hotspot/share/prims/jni.cpp, line 637]
Event: 1.864 Thread 0x00007f8dd8b1a000 Exception <a 'java/lang/ClassNotFoundException'{0x000000061fd679a0}: com/sun/javafx/scene/control/skin/resources/controls_en> (0x000000061fd679a0) thrown at [src/hotspot/share/prims/jni.cpp, line 637]
Event: 1.865 Thread 0x00007f8dd8b1a000 Exception <a 'java/lang/ClassNotFoundException'{0x000000061fd69358}: com/sun/javafx/scene/control/skin/resources/controls_en_US> (0x000000061fd69358) thrown at [src/hotspot/share/prims/jni.cpp, line 637]
Event: 2.206 Thread 0x00007f8dd8b1a000 Exception <a 'java/lang/NoSuchMethodError'{0x000000061f2d6cd0}: 'java.lang.Object java.lang.invoke.Invokers$Holder.linkToTargetMethod(java.lang.Object, int, int, java.lang.Object)'> (0x000000061f2d6cd0) thrown at [src/hotspot/share/interpreter/linkResolver.cpp, line 773]
Event: 5.370 Thread 0x00007f8dd8b1a000 Exception <a 'java/lang/NoSuchMethodError'{0x000000061ea96478}: 'long java.lang.invoke.DirectMethodHandle$Holder.invokeStaticInit(java.lang.Object, java.lang.Object, java.lang.Object)'> (0x000000061ea96478) thrown at [src/hotspot/share/interpreter/linkResolver.cpp, line 773]
Event: 5.375 Thread 0x00007f8dd8b1a000 Exception <a 'java/lang/NoSuchMethodError'{0x000000061eaaeac0}: 'java.lang.Object java.lang.invoke.DirectMethodHandle$Holder.invokeStatic(java.lang.Object, java.lang.Object, long)'> (0x000000061eaaeac0) thrown at [src/hotspot/share/interpreter/linkResolver.cpp, line 773]
Event: 5.376 Thread 0x00007f8dd8b1a000 Exception <a 'java/lang/NoSuchMethodError'{0x000000061eab4c38}: 'java.lang.Object java.lang.invoke.Invokers$Holder.linkToTargetMethod(java.lang.Object, long, java.lang.Object)'> (0x000000061eab4c38) thrown at [src/hotspot/share/interpreter/linkResolver.cpp, line 773]
Event: 7.094 Thread 0x00007f8dd8b1a000 Implicit null exception at 0x000000011bb555ba to 0x000000011bb56248
Event: 7.169 Thread 0x00007f8dd800f000 Exception <a 'java/lang/NoSuchMethodError'{0x000000061ea1a830}: 'java.lang.Object java.lang.invoke.DirectMethodHandle$Holder.invokeStaticInit(java.lang.Object, int)'> (0x000000061ea1a830) thrown at [src/hotspot/share/interpreter/linkResolver.cpp, line 773]
Event: 9.875 Thread 0x00007f8dd8b1a000 Exception <a 'java/lang/ClassNotFoundException'{0x000000061e4b1cc0}: com/sun/javafx/scene/control/skin/resources/controls-nt> (0x000000061e4b1cc0) thrown at [src/hotspot/share/prims/jni.cpp, line 637]
Event: 9.877 Thread 0x00007f8dd8b1a000 Exception <a 'java/lang/ClassNotFoundException'{0x000000061e4ba3e0}: com/sun/javafx/scene/control/skin/resources/controls-nt_en> (0x000000061e4ba3e0) thrown at [src/hotspot/share/prims/jni.cpp, line 637]
Event: 9.877 Thread 0x00007f8dd8b1a000 Exception <a 'java/lang/ClassNotFoundException'{0x000000061e4bc360}: com/sun/javafx/scene/control/skin/resources/controls-nt_en_US> (0x000000061e4bc360) thrown at [src/hotspot/share/prims/jni.cpp, line 637]
Event: 9.992 Thread 0x00007f8dd8b1a000 Exception <a 'java/lang/NoSuchMethodError'{0x000000061e34a1d8}: 'void java.lang.invoke.DirectMethodHandle$Holder.invokeSpecialIFC(java.lang.Object, java.lang.Object, java.lang.Object, java.lang.Object)'> (0x000000061e34a1d8) thrown at [src/hotspot/share/interpreter/linkResolver.cpp, line 773]
Event: 13.360 Thread 0x00007f8dd8b1a000 Implicit null exception at 0x000000011bbe07de to 0x000000011bbe2c8c

Events (20 events):
Event: 10.027 loading class sun/text/SupplementaryCharacterData
Event: 10.027 loading class sun/text/SupplementaryCharacterData done
Event: 10.027 loading class java/text/BreakIterator$BreakIteratorCache
Event: 10.028 loading class java/text/BreakIterator$BreakIteratorCache done
Event: 10.079 Thread 0x00007f8d92b05000 Thread added: 0x00007f8d92b05000
Event: 10.079 Protecting memory [0x0000000306ad2000,0x0000000306ad6000] with protection modes 0
Event: 10.160 Executing VM operation: ICBufferFull
Event: 10.162 Executing VM operation: ICBufferFull done
Event: 10.164 Executing VM operation: RevokeBias
Event: 10.164 Executing VM operation: RevokeBias done
Event: 10.167 Loaded shared library /Users/pooja/.openjfx/cache/11.0.2/libprism_es2.dylib
Event: 10.203 Loaded shared library /Users/pooja/.openjfx/cache/11.0.2/libprism_es2.dylib
Event: 12.334 Protecting memory [0x0000000306ad2000,0x0000000306ad6000] with protection modes 3
Event: 12.334 Thread 0x00007f8d92b05000 Thread exited: 0x00007f8d92b05000
Event: 12.349 Protecting memory [0x000000030580d000,0x0000000305811000] with protection modes 3
Event: 12.349 Thread 0x00007f8d93a70800 Thread exited: 0x00007f8d93a70800
Event: 13.492 loading class com/sun/prism/impl/ps/CachingShapeRepState$CacheEntry
Event: 13.492 loading class com/sun/prism/impl/ps/CachingShapeRepState$CacheEntry done
Event: 13.492 loading class com/sun/prism/impl/ps/CachingShapeRepState$CacheEntry
Event: 13.492 loading class com/sun/prism/impl/ps/CachingShapeRepState$CacheEntry done


Dynamic libraries:
0x00000001088cc000 	/Users/pooja/Library/Java/JavaVirtualMachines/corretto-11.0.13/Contents/Home/lib/jli/libjli.dylib
0x00007ff817663000 	/System/Library/Frameworks/Cocoa.framework/Versions/A/Cocoa
0x00007ff802f75000 	/System/Library/Frameworks/AppKit.framework/Versions/C/AppKit
0x00007ff8064ce000 	/System/Library/Frameworks/CoreData.framework/Versions/A/CoreData
0x00007ff80138c000 	/System/Library/Frameworks/Foundation.framework/Versions/C/Foundation
0x00007ff80b6e2000 	/usr/lib/libSystem.B.dylib
0x00007ff803e04000 	/System/Library/PrivateFrameworks/UIFoundation.framework/Versions/A/UIFoundation
0x00007ff811614000 	/System/Library/PrivateFrameworks/RemoteViewServices.framework/Versions/A/RemoteViewServices
0x00007ff8099b9000 	/System/Library/PrivateFrameworks/XCTTargetBootstrap.framework/Versions/A/XCTTargetBootstrap
0x00007ff80d5ae000 	/System/Library/PrivateFrameworks/InternationalSupport.framework/Versions/A/InternationalSupport
0x00007ff80d638000 	/System/Library/PrivateFrameworks/UserActivity.framework/Versions/A/UserActivity
0x00007ff80c995000 	/usr/lib/libspindump.dylib
0x00007ff804092000 	/System/Library/Frameworks/UniformTypeIdentifiers.framework/Versions/A/UniformTypeIdentifiers
0x00007ff8080f6000 	/usr/lib/libapp_launch_measurement.dylib
0x00007ff806eaa000 	/System/Library/PrivateFrameworks/CoreAnalytics.framework/Versions/A/CoreAnalytics
0x00007ff8080f9000 	/System/Library/PrivateFrameworks/CoreAutoLayout.framework/Versions/A/CoreAutoLayout
0x00007ff809319000 	/System/Library/Frameworks/Metal.framework/Versions/A/Metal
0x00007ff80a031000 	/usr/lib/liblangid.dylib
0x00007ff8099bd000 	/System/Library/PrivateFrameworks/CoreSVG.framework/Versions/A/CoreSVG
0x00007ff805459000 	/System/Library/PrivateFrameworks/SkyLight.framework/Versions/A/SkyLight
0x00007ff8057ec000 	/System/Library/Frameworks/CoreGraphics.framework/Versions/A/CoreGraphics
0x00007ff811c83000 	/System/Library/Frameworks/Accelerate.framework/Versions/A/Accelerate
0x00007ff80c410000 	/System/Library/PrivateFrameworks/IconServices.framework/Versions/A/IconServices
0x00007ff8092fe000 	/System/Library/Frameworks/IOSurface.framework/Versions/A/IOSurface
0x00007ff806ed8000 	/usr/lib/libDiagnosticMessagesClient.dylib
0x00007ff80b5fc000 	/usr/lib/libz.1.dylib
0x00007ff8152f2000 	/System/Library/Frameworks/ApplicationServices.framework/Versions/A/ApplicationServices
0x00007ff8099a5000 	/System/Library/PrivateFrameworks/DFRFoundation.framework/Versions/A/DFRFoundation
0x00007ff802866000 	/usr/lib/libicucore.A.dylib
0x00007ff80e2d3000 	/System/Library/Frameworks/AudioToolbox.framework/Versions/A/AudioToolbox
0x00007ff80d5ba000 	/System/Library/PrivateFrameworks/DataDetectorsCore.framework/Versions/A/DataDetectorsCore
0x00007ff908eb3000 	/System/Library/PrivateFrameworks/TextInput.framework/Versions/A/TextInput
0x00007ff8053dd000 	/usr/lib/libMobileGestalt.dylib
0x00007ff8096ad000 	/System/Library/Frameworks/Carbon.framework/Versions/A/Frameworks/HIToolbox.framework/Versions/A/HIToolbox
0x00007ff807b23000 	/System/Library/Frameworks/QuartzCore.framework/Versions/A/QuartzCore
0x00007ff802506000 	/System/Library/Frameworks/Security.framework/Versions/A/Security
0x00007ff81164c000 	/System/Library/Frameworks/Carbon.framework/Versions/A/Frameworks/SpeechRecognition.framework/Versions/A/SpeechRecognition
0x00007ff807e56000 	/System/Library/PrivateFrameworks/CoreUI.framework/Versions/A/CoreUI
0x00007ff801dde000 	/System/Library/Frameworks/CoreAudio.framework/Versions/A/CoreAudio
0x00007ff806fc6000 	/System/Library/Frameworks/DiskArbitration.framework/Versions/A/DiskArbitration
0x00007ff80cd78000 	/System/Library/PrivateFrameworks/MultitouchSupport.framework/Versions/A/MultitouchSupport
0x00007ff8053dc000 	/usr/lib/libenergytrace.dylib
0x00007ff802e61000 	/System/Library/Frameworks/IOKit.framework/Versions/A/IOKit
0x00007ff811a38000 	/System/Library/Frameworks/CoreServices.framework/Versions/A/CoreServices
0x00007ff808090000 	/System/Library/PrivateFrameworks/PerformanceAnalysis.framework/Versions/A/PerformanceAnalysis
0x00007ffa18995000 	/System/Library/Frameworks/OpenGL.framework/Versions/A/OpenGL
0x00007ff80ac2d000 	/System/Library/PrivateFrameworks/MobileKeyBag.framework/Versions/A/MobileKeyBag
0x00007ff800424000 	/usr/lib/libobjc.A.dylib
0x00007ff805f1b000 	/System/Library/Frameworks/ColorSync.framework/Versions/A/ColorSync
0x00007ff8005e0000 	/System/Library/Frameworks/CoreFoundation.framework/Versions/A/CoreFoundation
0x00007ff809c38000 	/System/Library/Frameworks/CoreImage.framework/Versions/A/CoreImage
0x00007ff801bf4000 	/System/Library/Frameworks/CoreText.framework/Versions/A/CoreText
0x00007ff8099ec000 	/System/Library/Frameworks/ImageIO.framework/Versions/A/ImageIO
0x00007ff80b6e8000 	/System/Library/PrivateFrameworks/SoftLinking.framework/Versions/A/SoftLinking
0x00007ff808141000 	/usr/lib/libxml2.2.dylib
0x00007ff8004ed000 	/usr/lib/libc++.1.dylib
0x00007ff80b969000 	/usr/lib/libcompression.dylib
0x00007ff80d4e4000 	/System/Library/PrivateFrameworks/TextureIO.framework/Versions/A/TextureIO
0x00007ff80c089000 	/usr/lib/libate.dylib
0x00007ff80b6dd000 	/usr/lib/system/libcache.dylib
0x00007ff80b699000 	/usr/lib/system/libcommonCrypto.dylib
0x00007ff80b6c2000 	/usr/lib/system/libcompiler_rt.dylib
0x00007ff80b6b8000 	/usr/lib/system/libcopyfile.dylib
0x00007ff80031e000 	/usr/lib/system/libcorecrypto.dylib
0x00007ff8003dd000 	/usr/lib/system/libdispatch.dylib
0x00007ff80059f000 	/usr/lib/system/libdyld.dylib
0x00007ff80b6d4000 	/usr/lib/system/libkeymgr.dylib
0x00007ff80b677000 	/usr/lib/system/libmacho.dylib
0x00007ff80ad01000 	/usr/lib/system/libquarantine.dylib
0x00007ff80b6d2000 	/usr/lib/system/libremovefile.dylib
0x00007ff805429000 	/usr/lib/system/libsystem_asl.dylib
0x00007ff8002cc000 	/usr/lib/system/libsystem_blocks.dylib
0x00007ff800464000 	/usr/lib/system/libsystem_c.dylib
0x00007ff80b6ca000 	/usr/lib/system/libsystem_collections.dylib
0x00007ff80a022000 	/usr/lib/system/libsystem_configuration.dylib
0x00007ff8092e1000 	/usr/lib/system/libsystem_containermanager.dylib
0x00007ff80b3ae000 	/usr/lib/system/libsystem_coreservices.dylib
0x00007ff802aef000 	/usr/lib/system/libsystem_darwin.dylib
0x00007ff80b6d5000 	/usr/lib/system/libsystem_dnssd.dylib
0x00007ff800461000 	/usr/lib/system/libsystem_featureflags.dylib
0x00007ff8005b5000 	/usr/lib/system/libsystem_info.dylib
0x00007ff80b60f000 	/usr/lib/system/libsystem_m.dylib
0x00007ff8003b1000 	/usr/lib/system/libsystem_malloc.dylib
0x00007ff8053c6000 	/usr/lib/system/libsystem_networkextension.dylib
0x00007ff802f17000 	/usr/lib/system/libsystem_notify.dylib
0x00007ff81190d000 	/usr/lib/system/libsystem_product_info_filter.dylib
0x00007ff80a026000 	/usr/lib/system/libsystem_sandbox.dylib
0x00007ff80b6cf000 	/usr/lib/system/libsystem_secinit.dylib
0x00007ff80055c000 	/usr/lib/system/libsystem_kernel.dylib
0x00007ff8005ab000 	/usr/lib/system/libsystem_platform.dylib
0x00007ff800593000 	/usr/lib/system/libsystem_pthread.dylib
0x00007ff806cf1000 	/usr/lib/system/libsystem_symptoms.dylib
0x00007ff800305000 	/usr/lib/system/libsystem_trace.dylib
0x00007ff80b6a5000 	/usr/lib/system/libunwind.dylib
0x00007ff8002ce000 	/usr/lib/system/libxpc.dylib
0x00007ff800546000 	/usr/lib/libc++abi.dylib
0x00007ff80b6b0000 	/usr/lib/liboah.dylib
0x00007ff80be42000 	/usr/lib/liblzma.5.dylib
0x00007ff80109d000 	/System/Library/Frameworks/SystemConfiguration.framework/Versions/A/SystemConfiguration
0x00007ff80b6e4000 	/usr/lib/libfakelink.dylib
0x00007ff804f2f000 	/System/Library/Frameworks/CFNetwork.framework/Versions/A/CFNetwork
0x00007ff80b823000 	/usr/lib/libarchive.2.dylib
0x00007ff80a02d000 	/System/Library/PrivateFrameworks/AppleSystemInfo.framework/Versions/A/AppleSystemInfo
0x00007ff80ad28000 	/usr/lib/libbsm.0.dylib
0x00007ff804565000 	/usr/lib/libnetwork.dylib
0x00007ff80b67d000 	/usr/lib/system/libkxld.dylib
0x00007ff80a956000 	/System/Library/PrivateFrameworks/IOMobileFramebuffer.framework/Versions/A/IOMobileFramebuffer
0x00007ffb1658a000 	/usr/lib/libCoreEntitlements.dylib
0x00007ff80b390000 	/System/Library/PrivateFrameworks/AppleFSCompression.framework/Versions/A/AppleFSCompression
0x00007ff80ad10000 	/usr/lib/libcoretls.dylib
0x00007ff80be5c000 	/usr/lib/libcoretls_cfhelpers.dylib
0x00007ff80b964000 	/usr/lib/libpam.2.dylib
0x00007ff806917000 	/usr/lib/libsqlite3.dylib
0x00007ff80becb000 	/usr/lib/libxar.1.dylib
0x00007ff80b3a0000 	/usr/lib/libbz2.1.0.dylib
0x00007ff80b6e9000 	/usr/lib/libpcap.A.dylib
0x00007ff806ce8000 	/usr/lib/libdns_services.dylib
0x00007ff80b936000 	/usr/lib/libapple_nghttp2.dylib
0x00007ff80b720000 	/usr/lib/libiconv.2.dylib
0x00007ff80b676000 	/usr/lib/libcharset.1.dylib
0x00007ff8080c4000 	/System/Library/Frameworks/CoreServices.framework/Versions/A/Frameworks/FSEvents.framework/Versions/A/FSEvents
0x00007ff802af9000 	/System/Library/Frameworks/CoreServices.framework/Versions/A/Frameworks/CarbonCore.framework/Versions/A/CarbonCore
0x00007ff806f2b000 	/System/Library/Frameworks/CoreServices.framework/Versions/A/Frameworks/Metadata.framework/Versions/A/Metadata
0x00007ff80b3b3000 	/System/Library/Frameworks/CoreServices.framework/Versions/A/Frameworks/OSServices.framework/Versions/A/OSServices
0x00007ff80b8aa000 	/System/Library/Frameworks/CoreServices.framework/Versions/A/Frameworks/SearchKit.framework/Versions/A/SearchKit
0x00007ff806c7a000 	/System/Library/Frameworks/CoreServices.framework/Versions/A/Frameworks/AE.framework/Versions/A/AE
0x00007ff800ae1000 	/System/Library/Frameworks/CoreServices.framework/Versions/A/Frameworks/LaunchServices.framework/Versions/A/LaunchServices
0x00007ff80bdf3000 	/System/Library/Frameworks/CoreServices.framework/Versions/A/Frameworks/DictionaryServices.framework/Versions/A/DictionaryServices
0x00007ff8080d1000 	/System/Library/Frameworks/CoreServices.framework/Versions/A/Frameworks/SharedFileList.framework/Versions/A/SharedFileList
0x00007ff80ad04000 	/usr/lib/libCheckFix.dylib
0x00007ff805440000 	/System/Library/PrivateFrameworks/TCC.framework/Versions/A/TCC
0x00007ff80a033000 	/System/Library/PrivateFrameworks/CoreNLP.framework/Versions/A/CoreNLP
0x00007ff806edb000 	/System/Library/PrivateFrameworks/MetadataUtilities.framework/Versions/A/MetadataUtilities
0x00007ff80114d000 	/usr/lib/libmecabra.dylib
0x00007ff80ad38000 	/usr/lib/libmecab.dylib
0x00007ff801118000 	/usr/lib/libCRFSuite.dylib
0x00007ff80ad95000 	/usr/lib/libgermantok.dylib
0x00007ff80b911000 	/usr/lib/libThaiTokenizer.dylib
0x00007ff806fcd000 	/System/Library/Frameworks/Accelerate.framework/Versions/A/Frameworks/vImage.framework/Versions/A/vImage
0x00007ff811a0f000 	/System/Library/Frameworks/Accelerate.framework/Versions/A/Frameworks/vecLib.framework/Versions/A/vecLib
0x00007ff80bf0c000 	/System/Library/Frameworks/Accelerate.framework/Versions/A/Frameworks/vecLib.framework/Versions/A/libvMisc.dylib
0x00007ff80a74a000 	/System/Library/Frameworks/Accelerate.framework/Versions/A/Frameworks/vecLib.framework/Versions/A/libvDSP.dylib
0x00007ff800e59000 	/System/Library/Frameworks/Accelerate.framework/Versions/A/Frameworks/vecLib.framework/Versions/A/libBLAS.dylib
0x00007ff80ba46000 	/System/Library/Frameworks/Accelerate.framework/Versions/A/Frameworks/vecLib.framework/Versions/A/libLAPACK.dylib
0x00007ff80ad98000 	/System/Library/Frameworks/Accelerate.framework/Versions/A/Frameworks/vecLib.framework/Versions/A/libLinearAlgebra.dylib
0x00007ff80b94f000 	/System/Library/Frameworks/Accelerate.framework/Versions/A/Frameworks/vecLib.framework/Versions/A/libSparseBLAS.dylib
0x00007ff80ba40000 	/System/Library/Frameworks/Accelerate.framework/Versions/A/Frameworks/vecLib.framework/Versions/A/libQuadrature.dylib
0x00007ff80a11d000 	/System/Library/Frameworks/Accelerate.framework/Versions/A/Frameworks/vecLib.framework/Versions/A/libBNNS.dylib
0x00007ff80102e000 	/System/Library/Frameworks/Accelerate.framework/Versions/A/Frameworks/vecLib.framework/Versions/A/libSparse.dylib
0x00007ff80a116000 	/System/Library/PrivateFrameworks/LinguisticData.framework/Versions/A/LinguisticData
0x00007ff800fe3000 	/System/Library/PrivateFrameworks/Lexicon.framework/Versions/A/Lexicon
0x00007ff80bf05000 	/usr/lib/libChineseTokenizer.dylib
0x00007ff801747000 	/System/Library/PrivateFrameworks/LanguageModeling.framework/Versions/A/LanguageModeling
0x00007ff80b913000 	/System/Library/PrivateFrameworks/AppleSauce.framework/Versions/A/AppleSauce
0x00007ff80a944000 	/System/Library/PrivateFrameworks/CoreEmoji.framework/Versions/A/CoreEmoji
0x00007ff80b812000 	/usr/lib/libcmph.dylib
0x00007ff8080a8000 	/System/Library/Frameworks/OpenDirectory.framework/Versions/A/Frameworks/CFOpenDirectory.framework/Versions/A/CFOpenDirectory
0x00007ff80809c000 	/System/Library/Frameworks/OpenDirectory.framework/Versions/A/OpenDirectory
0x00007ff80be5e000 	/System/Library/PrivateFrameworks/APFS.framework/Versions/A/APFS
0x00007ff80ac65000 	/System/Library/Frameworks/SecurityFoundation.framework/Versions/A/SecurityFoundation
0x00007ff80bed9000 	/usr/lib/libutil.dylib
0x00007ff802e24000 	/System/Library/PrivateFrameworks/CoreServicesStore.framework/Versions/A/CoreServicesStore
0x00007ff80bedd000 	/usr/lib/libxslt.1.dylib
0x00007ff80acf2000 	/System/Library/PrivateFrameworks/BackgroundTaskManagement.framework/Versions/A/BackgroundTaskManagement
0x00007ff80d406000 	/System/Library/Frameworks/ImageIO.framework/Versions/A/Resources/libRadiance.dylib
0x00007ff80d40f000 	/System/Library/Frameworks/ImageIO.framework/Versions/A/Resources/libJPEG.dylib
0x00007ff80d360000 	/System/Library/Frameworks/ImageIO.framework/Versions/A/Resources/libPng.dylib
0x00007ff80d381000 	/System/Library/Frameworks/ImageIO.framework/Versions/A/Resources/libTIFF.dylib
0x00007ff80d46d000 	/System/Library/Frameworks/ImageIO.framework/Versions/A/Resources/libGIF.dylib
0x00007ff80cc95000 	/System/Library/Frameworks/ImageIO.framework/Versions/A/Resources/libJP2.dylib
0x00007ff80c3d7000 	/usr/lib/libexpat.1.dylib
0x00007ff80cc4a000 	/System/Library/PrivateFrameworks/AppleJPEG.framework/Versions/A/AppleJPEG
0x00007ff809574000 	/System/Library/PrivateFrameworks/FontServices.framework/libFontParser.dylib
0x00007ff806c24000 	/System/Library/PrivateFrameworks/RunningBoardServices.framework/Versions/A/RunningBoardServices
0x00007ff817bdd000 	/System/Library/PrivateFrameworks/IOSurfaceAccelerator.framework/Versions/A/IOSurfaceAccelerator
0x00007ff80cd74000 	/System/Library/PrivateFrameworks/WatchdogClient.framework/Versions/A/WatchdogClient
0x00007ff801836000 	/System/Library/Frameworks/CoreDisplay.framework/Versions/A/CoreDisplay
0x00007ff809473000 	/System/Library/Frameworks/CoreMedia.framework/Versions/A/CoreMedia
0x00007ff809310000 	/System/Library/PrivateFrameworks/IOAccelerator.framework/Versions/A/IOAccelerator
0x00007ff808224000 	/System/Library/Frameworks/CoreVideo.framework/Versions/A/CoreVideo
0x00007ff80b962000 	/System/Library/Frameworks/MetalPerformanceShaders.framework/Versions/A/MetalPerformanceShaders
0x00007ff80cdaf000 	/System/Library/Frameworks/VideoToolbox.framework/Versions/A/VideoToolbox
0x00007ff806b6c000 	/System/Library/PrivateFrameworks/BaseBoard.framework/Versions/A/BaseBoard
0x00007ff8068fd000 	/System/Library/PrivateFrameworks/ProtocolBuffer.framework/Versions/A/ProtocolBuffer
0x00007ff80d3ff000 	/System/Library/PrivateFrameworks/GPUWrangler.framework/Versions/A/GPUWrangler
0x00007ff80d3e2000 	/System/Library/PrivateFrameworks/IOPresentment.framework/Versions/A/IOPresentment
0x00007ff80d409000 	/System/Library/PrivateFrameworks/DSExternalDisplay.framework/Versions/A/DSExternalDisplay
0x00007ffa18989000 	/System/Library/Frameworks/OpenGL.framework/Versions/A/Libraries/libCoreFSCache.dylib
0x00007ffb04874000 	/System/Library/PrivateFrameworks/GPUCompiler.framework/Versions/31001/Libraries/libGPUCompilerUtils.dylib
0x00007ff80d472000 	/System/Library/PrivateFrameworks/CMCaptureCore.framework/Versions/A/CMCaptureCore
0x00007ff80c983000 	/System/Library/PrivateFrameworks/AppServerSupport.framework/Versions/A/AppServerSupport
0x00007ff80eb59000 	/System/Library/PrivateFrameworks/perfdata.framework/Versions/A/perfdata
0x00007ff801962000 	/System/Library/PrivateFrameworks/AudioToolboxCore.framework/Versions/A/AudioToolboxCore
0x00007ff809450000 	/System/Library/PrivateFrameworks/caulk.framework/Versions/A/caulk
0x00007ff80e47d000 	/usr/lib/libAudioStatistics.dylib
0x00007ff905744000 	/System/Library/PrivateFrameworks/SystemPolicy.framework/Versions/A/SystemPolicy
0x00007ff80e6d2000 	/usr/lib/libSMC.dylib
0x00007ff817516000 	/System/Library/Frameworks/CoreMIDI.framework/Versions/A/CoreMIDI
0x00007ff80d330000 	/usr/lib/libAudioToolboxUtility.dylib
0x00007ff901b56000 	/System/Library/PrivateFrameworks/OSAServicesClient.framework/Versions/A/OSAServicesClient
0x00007ff80eb66000 	/usr/lib/libperfcheck.dylib
0x00007ff9061d6000 	/usr/lib/libmis.dylib
0x00007ffa189e5000 	/System/Library/Frameworks/OpenGL.framework/Versions/A/Libraries/libGLU.dylib
0x00007ffa189a8000 	/System/Library/Frameworks/OpenGL.framework/Versions/A/Libraries/libGFXShared.dylib
0x00007ffa18bb6000 	/System/Library/Frameworks/OpenGL.framework/Versions/A/Libraries/libGL.dylib
0x00007ffa189b1000 	/System/Library/Frameworks/OpenGL.framework/Versions/A/Libraries/libGLImage.dylib
0x00007ffa189a5000 	/System/Library/Frameworks/OpenGL.framework/Versions/A/Libraries/libCVMSPluginSupport.dylib
0x00007ffa18990000 	/System/Library/Frameworks/OpenGL.framework/Versions/A/Libraries/libCoreVMClient.dylib
0x00007ff809fb1000 	/System/Library/Frameworks/MetalPerformanceShaders.framework/Versions/A/Frameworks/MPSCore.framework/Versions/A/MPSCore
0x00007ff80b2fb000 	/System/Library/Frameworks/MetalPerformanceShaders.framework/Versions/A/Frameworks/MPSImage.framework/Versions/A/MPSImage
0x00007ff80adae000 	/System/Library/Frameworks/MetalPerformanceShaders.framework/Versions/A/Frameworks/MPSNeuralNetwork.framework/Versions/A/MPSNeuralNetwork
0x00007ff80b223000 	/System/Library/Frameworks/MetalPerformanceShaders.framework/Versions/A/Frameworks/MPSMatrix.framework/Versions/A/MPSMatrix
0x00007ff80afdf000 	/System/Library/Frameworks/MetalPerformanceShaders.framework/Versions/A/Frameworks/MPSRayIntersector.framework/Versions/A/MPSRayIntersector
0x00007ff80b25c000 	/System/Library/Frameworks/MetalPerformanceShaders.framework/Versions/A/Frameworks/MPSNDArray.framework/Versions/A/MPSNDArray
0x00007ffa1d5a7000 	/System/Library/Frameworks/MetalPerformanceShaders.framework/Versions/A/Frameworks/MPSFunctions.framework/Versions/A/MPSFunctions
0x00007ff800d3c000 	/System/Library/PrivateFrameworks/MetalTools.framework/Versions/A/MetalTools
0x00007ff80a02b000 	/System/Library/PrivateFrameworks/AggregateDictionary.framework/Versions/A/AggregateDictionary
0x00007ff80c1b9000 	/usr/lib/libIOReport.dylib
0x00007ffa19fc5000 	/System/Library/Frameworks/OpenCL.framework/Versions/A/OpenCL
0x00007ff80c51d000 	/System/Library/PrivateFrameworks/FaceCore.framework/Versions/A/FaceCore
0x00007ff80c50e000 	/System/Library/PrivateFrameworks/GraphVisualizer.framework/Versions/A/GraphVisualizer
0x00007ffb0477f000 	/System/Library/PrivateFrameworks/FontServices.framework/Versions/A/FontServices
0x00007ff80c93a000 	/System/Library/PrivateFrameworks/OTSVG.framework/Versions/A/OTSVG
0x00007ff807e0c000 	/System/Library/Frameworks/ApplicationServices.framework/Versions/A/Frameworks/ATS.framework/Versions/A/Resources/libFontRegistry.dylib
0x00007ff80c98b000 	/System/Library/PrivateFrameworks/FontServices.framework/libhvf.dylib
0x00007ffb04780000 	/System/Library/PrivateFrameworks/FontServices.framework/libXTFontStaticRegistryData.dylib
0x00007ff80c387000 	/System/Library/PrivateFrameworks/AppleVA.framework/Versions/A/AppleVA
0x00007ff80e4a1000 	/System/Library/Frameworks/ApplicationServices.framework/Versions/A/Frameworks/ATS.framework/Versions/A/ATS
0x00007ff806017000 	/System/Library/Frameworks/ApplicationServices.framework/Versions/A/Frameworks/HIServices.framework/Versions/A/HIServices
0x00007ff80d47c000 	/System/Library/Frameworks/ApplicationServices.framework/Versions/A/Frameworks/PrintCore.framework/Versions/A/PrintCore
0x00007ff80e825000 	/System/Library/Frameworks/ApplicationServices.framework/Versions/A/Frameworks/QD.framework/Versions/A/QD
0x00007ff80e81d000 	/System/Library/Frameworks/ApplicationServices.framework/Versions/A/Frameworks/ColorSyncLegacy.framework/Versions/A/ColorSyncLegacy
0x00007ff80e491000 	/System/Library/Frameworks/ApplicationServices.framework/Versions/A/Frameworks/SpeechSynthesis.framework/Versions/A/SpeechSynthesis
0x00007ff80d43d000 	/System/Library/Frameworks/ApplicationServices.framework/Versions/A/Frameworks/ATSUI.framework/Versions/A/ATSUI
0x00007ff80e7b2000 	/usr/lib/libcups.2.dylib
0x00007ff80eb75000 	/System/Library/Frameworks/Kerberos.framework/Versions/A/Kerberos
0x00007ff80eb84000 	/System/Library/Frameworks/GSS.framework/Versions/A/GSS
0x00007ff80e50d000 	/usr/lib/libresolv.9.dylib
0x00007ff80c99a000 	/System/Library/PrivateFrameworks/Heimdal.framework/Versions/A/Heimdal
0x00007ff81566d000 	/System/Library/Frameworks/Kerberos.framework/Versions/A/Libraries/libHeimdalProxy.dylib
0x00007ff806cf9000 	/System/Library/Frameworks/Network.framework/Versions/A/Network
0x00007ff80c3f1000 	/usr/lib/libheimdal-asn1.dylib
0x00007ff80ebd0000 	/System/Library/PrivateFrameworks/CommonAuth.framework/Versions/A/CommonAuth
0x00007ff80e40e000 	/System/Library/PrivateFrameworks/AudioSession.framework/Versions/A/AudioSession
0x00007ff80c481000 	/System/Library/PrivateFrameworks/MediaExperience.framework/Versions/A/MediaExperience
0x00007ff80e2a2000 	/System/Library/PrivateFrameworks/AudioSession.framework/libSessionUtility.dylib
0x00007ff80e831000 	/System/Library/PrivateFrameworks/AudioResourceArbitration.framework/Versions/A/AudioResourceArbitration
0x00007ff812822000 	/System/Library/PrivateFrameworks/PowerLog.framework/Versions/A/PowerLog
0x00007ff80c3fa000 	/System/Library/PrivateFrameworks/IconFoundation.framework/Versions/A/IconFoundation
0x00007ff81163c000 	/System/Library/PrivateFrameworks/SpeechRecognitionCore.framework/Versions/A/SpeechRecognitionCore
0x00000001096d1000 	/Users/pooja/Library/Java/JavaVirtualMachines/corretto-11.0.13/Contents/Home/lib/server/libjvm.dylib
0x00000001089b3000 	/Users/pooja/Library/Java/JavaVirtualMachines/corretto-11.0.13/Contents/Home/lib/libverify.dylib
0x00000001089db000 	/Users/pooja/Library/Java/JavaVirtualMachines/corretto-11.0.13/Contents/Home/lib/libjava.dylib
0x0000000108949000 	/Users/pooja/Library/Java/JavaVirtualMachines/corretto-11.0.13/Contents/Home/lib/libjimage.dylib
0x0000000108a95000 	/Users/pooja/Library/Java/JavaVirtualMachines/corretto-11.0.13/Contents/Home/lib/libzip.dylib
0x0000000109675000 	/Users/pooja/Library/Java/JavaVirtualMachines/corretto-11.0.13/Contents/Home/lib/libnio.dylib
0x0000000139c85000 	/Users/pooja/Library/Java/JavaVirtualMachines/corretto-11.0.13/Contents/Home/lib/libnet.dylib
0x000000013a10b000 	/Users/pooja/.openjfx/cache/11.0.2/libprism_es2.dylib
0x00007ff802de5000 	/System/Library/PrivateFrameworks/CoreServicesInternal.framework/Versions/A/CoreServicesInternal
0x00007ffa18bc1000 	/System/Library/Frameworks/OpenGL.framework/Versions/A/Resources/GLEngine.bundle/GLEngine
0x00007ffa18a23000 	/System/Library/Frameworks/OpenGL.framework/Versions/A/Libraries/libGLProgrammability.dylib
0x000000013a31d000 	/System/Library/Extensions/AppleMetalOpenGLRenderer.bundle/Contents/MacOS/AppleMetalOpenGLRenderer
0x00007ffa18d50000 	/System/Library/Frameworks/OpenGL.framework/Versions/A/Resources/GLRendererFloat.bundle/GLRendererFloat
0x00007ffa0e948000 	/System/Library/Extensions/AGXMetalG13X.bundle/Contents/MacOS/AGXMetalG13X
0x00007ff9061f1000 	/System/Library/PrivateFrameworks/GPURawCounter.framework/Versions/A/GPURawCounter
0x00007ff900d25000 	/System/Library/PrivateFrameworks/IOGPU.framework/Versions/A/IOGPU
0x000000013a5a0000 	/Users/pooja/.openjfx/cache/11.0.2/libglass.dylib
0x00007ff812e13000 	/System/Library/Frameworks/FileProvider.framework/Versions/A/FileProvider
0x00007ff806ad8000 	/System/Library/Frameworks/Accounts.framework/Versions/A/Accounts
0x00007ff812f8a000 	/System/Library/PrivateFrameworks/GenerationalStorage.framework/Versions/A/GenerationalStorage
0x00007ff813a9c000 	/System/Library/PrivateFrameworks/CoreSymbolication.framework/Versions/A/CoreSymbolication
0x00007ff812817000 	/System/Library/PrivateFrameworks/SymptomDiagnosticReporter.framework/Versions/A/SymptomDiagnosticReporter
0x00007ff8040a6000 	/System/Library/PrivateFrameworks/DesktopServicesPriv.framework/Versions/A/DesktopServicesPriv
0x00007ff802f26000 	/usr/lib/libsandbox.1.dylib
0x00007ff8082a3000 	/System/Library/PrivateFrameworks/UserManagement.framework/Versions/A/UserManagement
0x00007ff813a61000 	/System/Library/PrivateFrameworks/DebugSymbols.framework/Versions/A/DebugSymbols
0x00007ff80e812000 	/System/Library/PrivateFrameworks/NetAuth.framework/Versions/A/NetAuth
0x00007ff80f700000 	/System/Library/PrivateFrameworks/Sharing.framework/Versions/A/Sharing
0x00007ff808276000 	/System/Library/PrivateFrameworks/login.framework/Versions/A/Frameworks/loginsupport.framework/Versions/A/loginsupport
0x00007ff814ba1000 	/System/Library/PrivateFrameworks/Apple80211.framework/Versions/A/Apple80211
0x00007ff80b3e0000 	/System/Library/PrivateFrameworks/AuthKit.framework/Versions/A/AuthKit
0x00007ff80aa3a000 	/System/Library/PrivateFrameworks/CoreUtils.framework/Versions/A/CoreUtils
0x00007ff80a961000 	/System/Library/Frameworks/CoreWLAN.framework/Versions/A/CoreWLAN
0x00007ff80f85b000 	/System/Library/Frameworks/IOBluetooth.framework/Versions/A/IOBluetooth
0x00007ff814c09000 	/System/Library/PrivateFrameworks/CoreWiFi.framework/Versions/A/CoreWiFi
0x00007ff813636000 	/System/Library/PrivateFrameworks/FrontBoardServices.framework/Versions/A/FrontBoardServices
0x00007ff8136c8000 	/System/Library/PrivateFrameworks/BoardServices.framework/Versions/A/BoardServices
0x00007ff80ac54000 	/System/Library/PrivateFrameworks/AssertionServices.framework/Versions/A/AssertionServices
0x00007ff814d8d000 	/System/Library/PrivateFrameworks/BackBoardServices.framework/Versions/A/BackBoardServices
0x00007ff80ec5f000 	/System/Library/PrivateFrameworks/CorePhoneNumbers.framework/Versions/A/CorePhoneNumbers
0x00007ff812934000 	/System/Library/PrivateFrameworks/DiskManagement.framework/Versions/A/DiskManagement
0x00007ff812848000 	/System/Library/PrivateFrameworks/AppleIDAuthSupport.framework/Versions/A/AppleIDAuthSupport
0x00007ffa1f53d000 	/System/Library/PrivateFrameworks/AAAFoundation.framework/Versions/A/AAAFoundation
0x00007ff80ec40000 	/System/Library/PrivateFrameworks/KeychainCircle.framework/Versions/A/KeychainCircle
0x00007ff812900000 	/System/Library/PrivateFrameworks/MediaKit.framework/Versions/A/MediaKit
0x00007ff812854000 	/System/Library/Frameworks/DiscRecording.framework/Versions/A/DiscRecording
0x00007ff80c2ff000 	/usr/lib/libCoreStorage.dylib
0x00007ff81507c000 	/usr/lib/libcsfde.dylib
0x00007ff80f928000 	/System/Library/PrivateFrameworks/ProtectedCloudStorage.framework/Versions/A/ProtectedCloudStorage
0x00007ff815078000 	/System/Library/PrivateFrameworks/EFILogin.framework/Versions/A/EFILogin
0x00007ff812fb0000 	/System/Library/PrivateFrameworks/OctagonTrust.framework/Versions/A/OctagonTrust
0x00007ffb03aa1000 	/System/Library/PrivateFrameworks/CoreUtilsExtras.framework/Versions/A/CoreUtilsExtras
0x00007ff81278a000 	/System/Library/Frameworks/CoreBluetooth.framework/Versions/A/CoreBluetooth
0x00007ff8156f2000 	/System/Library/Frameworks/AudioUnit.framework/Versions/A/AudioUnit
0x00007ff80c2f7000 	/usr/lib/libMatch.1.dylib
0x00007ff90a625000 	/System/Library/Frameworks/Accelerate.framework/Versions/A/Frameworks/vImage.framework/Versions/A/Libraries/libCGInterfaces.dylib
0x000000013be4b000 	/usr/lib/libobjc-trampolines.dylib
0x00007ff807f9c000 	/System/Library/PrivateFrameworks/ViewBridge.framework/Versions/A/ViewBridge
0x00007ffb16698000 	/usr/lib/libRosetta.dylib
0x000000013e300000 	/Users/pooja/.openjfx/cache/11.0.2/libjavafx_font.dylib
0x00007ff80ca54000 	/System/Library/PrivateFrameworks/login.framework/Versions/A/login


VM Arguments:
jvm_args: -Dfile.encoding=UTF-8 -Duser.country=US -Duser.language=en -Duser.variant --module-path=/Users/pooja/Documents/JAVA Learning/JavaFX/ThingsToDo/build/libs/ThingsToDo-1.0-SNAPSHOT.jar:/Users/pooja/Documents/JAVA Learning/JavaFX/ThingsToDo/build/classes/java/main:/Users/pooja/.gradle/caches/modules-2/files-2.1/org.openjfx/javafx-fxml/11.0.2/23291af49fb53d2686c6995018775d19805247a2/javafx-fxml-11.0.2-mac.jar:/Users/pooja/.gradle/caches/modules-2/files-2.1/org.openjfx/javafx-controls/11.0.2/996371d2868035845572cdb19179dca2bfd1139f/javafx-controls-11.0.2-mac.jar:/Users/pooja/.gradle/caches/modules-2/files-2.1/org.openjfx/javafx-controls/11.0.2/4ab633cf1eea60f76e2ae9905aedac862da88b08/javafx-controls-11.0.2.jar:/Users/pooja/.gradle/caches/modules-2/files-2.1/org.openjfx/javafx-graphics/11.0.2/c1d99ae5bc48e7173f4514a941d27d8f8c972c71/javafx-graphics-11.0.2-mac.jar:/Users/pooja/.gradle/caches/modules-2/files-2.1/org.openjfx/javafx-graphics/11.0.2/e522eb4ea422eceeee207b1c266ba3db19b2343a/javafx-graphics-11.0.2.jar:/Users/pooja/.gradle/caches/modules-2/files-2.1/org.openjfx/javafx-base/11.0.2/b774922e5da6a56afee221d1a288d179a1342aa9/javafx-base-11.0.2-mac.jar:/Users/pooja/.gradle/caches/modules-2/files-2.1/org.openjfx/javafx-base/11.0.2/7fb2e4a8528ec9e434a9ac9ee98b39af79e6dcb8/javafx-base-11.0.2.jar -Djdk.module.main=com.example.thingstodo 
java_command: com.example.thingstodo/com.example.thingstodo.HelloApplication
java_class_path (initial): /Users/pooja/Documents/JAVA Learning/JavaFX/ThingsToDo/build/resources/main
Launcher Type: SUN_STANDARD

[Global flags]
     intx CICompilerCount                          = 4                                         {product} {ergonomic}
     uint ConcGCThreads                            = 2                                         {product} {ergonomic}
     uint G1ConcRefinementThreads                  = 9                                         {product} {ergonomic}
   size_t G1HeapRegionSize                         = 2097152                                   {product} {ergonomic}
    uintx GCDrainStackTargetSize                   = 64                                        {product} {ergonomic}
   size_t InitialHeapSize                          = 536870912                                 {product} {ergonomic}
   size_t MarkStackSize                            = 4194304                                   {product} {ergonomic}
   size_t MaxHeapSize                              = 8589934592                                {product} {ergonomic}
   size_t MaxNewSize                               = 5152702464                                {product} {ergonomic}
   size_t MinHeapDeltaBytes                        = 2097152                                   {product} {ergonomic}
    uintx NonNMethodCodeHeapSize                   = 5836300                                {pd product} {ergonomic}
    uintx NonProfiledCodeHeapSize                  = 122910970                              {pd product} {ergonomic}
    uintx ProfiledCodeHeapSize                     = 122910970                              {pd product} {ergonomic}
    uintx ReservedCodeCacheSize                    = 251658240                              {pd product} {ergonomic}
     bool SegmentedCodeCache                       = true                                      {product} {ergonomic}
     bool UseCompressedClassPointers               = true                                 {lp64_product} {ergonomic}
     bool UseCompressedOops                        = true                                 {lp64_product} {ergonomic}
     bool UseG1GC                                  = true                                      {product} {ergonomic}

Logging:
Log output configuration:
 #0: stdout all=warning uptime,level,tags
 #1: stderr all=off uptime,level,tags

Environment Variables:
PATH=/opt/homebrew/bin:/opt/homebrew/sbin:/usr/local/bin:/usr/bin:/bin:/usr/sbin:/sbin
SHELL=/bin/zsh
LC_CTYPE=en_US.UTF-8

Signal Handlers:
SIGSEGV: [libjvm.dylib+0x7cd036], sa_mask[0]=11111111111111111111111111111111, sa_flags=SA_ONSTACK|SA_RESTART|SA_SIGINFO
SIGBUS: [libjvm.dylib+0x7cd036], sa_mask[0]=11111111111111111111111111111111, sa_flags=SA_RESTART|SA_SIGINFO
SIGFPE: [libjvm.dylib+0x7cd036], sa_mask[0]=11111111111111111111111111111111, sa_flags=SA_RESTART|SA_SIGINFO
SIGPIPE: [libjvm.dylib+0x63099c], sa_mask[0]=11111111111111111111111111111111, sa_flags=SA_RESTART|SA_SIGINFO
SIGXFSZ: [libjvm.dylib+0x63099c], sa_mask[0]=11111111111111111111111111111111, sa_flags=SA_RESTART|SA_SIGINFO
SIGILL: [libjvm.dylib+0x7cd036], sa_mask[0]=11111111111111111111111111111111, sa_flags=SA_RESTART|SA_SIGINFO
SIGUSR2: [libjvm.dylib+0x630f7a], sa_mask[0]=00100000000000000000000000000000, sa_flags=SA_RESTART|SA_SIGINFO
SIGHUP: [libjvm.dylib+0x62fb2d], sa_mask[0]=11111111111111111111111111111111, sa_flags=SA_RESTART|SA_SIGINFO
SIGINT: [libjvm.dylib+0x62fb2d], sa_mask[0]=11111111111111111111111111111111, sa_flags=SA_RESTART|SA_SIGINFO
SIGTERM: [libjvm.dylib+0x62fb2d], sa_mask[0]=11111111111111111111111111111111, sa_flags=SA_RESTART|SA_SIGINFO
SIGQUIT: [libjvm.dylib+0x62fb2d], sa_mask[0]=11111111111111111111111111111111, sa_flags=SA_RESTART|SA_SIGINFO


---------------  S Y S T E M  ---------------

OS:uname:Darwin 21.2.0 Darwin Kernel Version 21.2.0: Sun Nov 28 20:28:41 PST 2021; root:xnu-8019.61.5~1/RELEASE_ARM64_T6000 x86_64
OS uptime: 0 days 8:21 hours
rlimit (soft/hard): STACK 8176k/65520k , CORE 0k/infinity , NPROC 5333/8000 , NOFILE 10240/infinity , AS infinity/infinity , CPU infinity/infinity , DATA infinity/infinity , FSIZE infinity/infinity , MEMLOCK infinity/infinity , RSS infinity/infinity
load average:1.39 1.49 1.65

CPU:total 10 (initial active 10) (1 cores per cpu, 1 threads per core) family 6 model 44 stepping 0 microcode 0x0, cmov, cx8, fxsr, mmx, sse, sse2, sse3, ssse3, sse4.1, sse4.2, popcnt, aes, clmul, tsc, tscinvbit, tscinv

Memory: 4k page, physical 33554432k(2719380k free), swap 0k(0k free)

vm_info: OpenJDK 64-Bit Server VM (11.0.13+8-LTS) for bsd-amd64 JRE (11.0.13+8-LTS), built on Oct 13 2021 21:26:47 by "ec2user" with clang Apple LLVM 13.0.0 (clang-1300.0.29.3)

END.
